{"numFailedTestSuites":2,"numFailedTests":4,"numPassedTestSuites":30,"numPassedTests":84,"numPendingTestSuites":0,"numPendingTests":3,"numRuntimeErrorTestSuites":0,"numTodoTests":0,"numTotalTestSuites":32,"numTotalTests":91,"openHandles":[],"snapshot":{"added":0,"didUpdate":false,"failure":false,"filesAdded":0,"filesRemoved":0,"filesRemovedList":[],"filesUnmatched":0,"filesUpdated":0,"matched":22,"total":22,"unchecked":0,"uncheckedKeysByFile":[],"unmatched":0,"updated":0},"startTime":1726662470511,"success":false,"testResults":[{"assertionResults":[{"ancestorTitles":["StaticRoutes"],"duration":144,"failureDetails":[{"name":"TestingLibraryElementError"}],"failureMessages":["TestingLibraryElementError: Unable to find an element by: [data-testid=\"user-profile-page\"]\n\nIgnored nodes: comments, script, style\n\u001b[36m<body>\u001b[39m\n  \u001b[36m<div>\u001b[39m\n    \u001b[36m<button\u001b[39m\n      \u001b[33mclass\u001b[39m=\u001b[32m\"MuiButtonBase-root MuiButton-root MuiButton-text MuiButton-textPrimary MuiButton-sizeMedium MuiButton-textSizeMedium MuiButton-colorPrimary MuiButton-root MuiButton-text MuiButton-textPrimary MuiButton-sizeMedium MuiButton-textSizeMedium MuiButton-colorPrimary css-1mfzm1p-MuiButtonBase-root-MuiButton-root\"\u001b[39m\n      \u001b[33mtabindex\u001b[39m=\u001b[32m\"0\"\u001b[39m\n      \u001b[33mtype\u001b[39m=\u001b[32m\"button\"\u001b[39m\n    \u001b[36m>\u001b[39m\n      \u001b[0mSign Out\u001b[0m\n      \u001b[36m<span\u001b[39m\n        \u001b[33mclass\u001b[39m=\u001b[32m\"MuiTouchRipple-root css-8je8zh-MuiTouchRipple-root\"\u001b[39m\n      \u001b[36m/>\u001b[39m\n    \u001b[36m</button>\u001b[39m\n    \u001b[36m<div\u001b[39m\n      \u001b[33mclass\u001b[39m=\u001b[32m\"MuiGrid-root MuiGrid-container css-1tzam2w-MuiGrid-root\"\u001b[39m\n    \u001b[36m>\u001b[39m\n      \u001b[36m<div\u001b[39m\n        \u001b[33mclass\u001b[39m=\u001b[32m\"MuiBox-root css-xi606m\"\u001b[39m\n      \u001b[36m>\u001b[39m\n        \u001b[36m<img\u001b[39m\n          \u001b[33malt\u001b[39m=\u001b[32m\"puzzle\"\u001b[39m\n          \u001b[33msrc\u001b[39m=\u001b[32m\"/libs/shared-components/src/Illustration/Puzzle.svg\"\u001b[39m\n        \u001b[36m/>\u001b[39m\n        \u001b[36m<h4\u001b[39m\n          \u001b[33mclass\u001b[39m=\u001b[32m\"MuiTypography-root MuiTypography-h4 css-vj1wl6-MuiTypography-root\"\u001b[39m\n        \u001b[36m>\u001b[39m\n          \u001b[0mtitle\u001b[0m\n        \u001b[36m</h4>\u001b[39m\n        \u001b[36m<p\u001b[39m\n          \u001b[33mclass\u001b[39m=\u001b[32m\"MuiTypography-root MuiTypography-body1 css-16rkutn-MuiTypography-root\"\u001b[39m\n        \u001b[36m>\u001b[39m\n          \u001b[0mbody\u001b[0m\n        \u001b[36m</p>\u001b[39m\n        \u001b[36m<div\u001b[39m\n          \u001b[33mclass\u001b[39m=\u001b[32m\"MuiBox-root css-18zyau5\"\u001b[39m\n        \u001b[36m>\u001b[39m\n          \u001b[36m<button\u001b[39m\n            \u001b[33mclass\u001b[39m=\u001b[32m\"MuiButtonBase-root MuiButton-root MuiButton-text MuiButton-textPrimary MuiButton-sizeMedium MuiButton-textSizeMedium MuiButton-colorPrimary MuiButton-root MuiButton-text MuiButton-textPrimary MuiButton-sizeMedium MuiButton-textSizeMedium MuiButton-colorPrimary css-1kwi5j1-MuiButtonBase-root-MuiButton-root\"\u001b[39m\n            \u001b[33mtabindex\u001b[39m=\u001b[32m\"0\"\u001b[39m\n            \u001b[33mtype\u001b[39m=\u001b[32m\"button\"\u001b[39m\n          \u001b[36m>\u001b[39m\n            \u001b[0mtry-again\u001b[0m\n            \u001b[36m<span\u001b[39m\n              \u001b[33mclass\u001b[39m=\u001b[32m\"MuiTouchRipple-root css-8je8zh-MuiTouchRipple-root\"\u001b[39m\n            \u001b[36m/>\u001b[39m\n          \u001b[36m</button>\u001b[39m\n          \u001b[36m<a\u001b[39m\n            \u001b[33mclass\u001b[39m=\u001b[32m\"MuiButtonBase-root MuiButton-root MuiButton-text MuiButton-textPrimary MuiButton-sizeMedium MuiButton-textSizeMedium MuiButton-colorPrimary MuiButton-root MuiButton-text MuiButton-textPrimary MuiButton-sizeMedium MuiButton-textSizeMedium MuiButton-colorPrimary css-1kwi5j1-MuiButtonBase-root-MuiButton-root\"\u001b[39m\n            \u001b[33mhref\u001b[39m=\u001b[32m\"https://support.cloudbees.com/\"\u001b[39m\n            \u001b[33mrel\u001b[39m=\u001b[32m\"noreferrer noopener\"\u001b[39m\n            \u001b[33mtabindex\u001b[39m=\u001b[32m\"0\"\u001b[39m\n            \u001b[33mtarget\u001b[39m=\u001b[32m\"_blank\"\u001b[39m\n          \u001b[36m>\u001b[39m\n            \u001b[0mcontact-support\u001b[0m\n            \u001b[36m<span\u001b[39m\n              \u001b[33mclass\u001b[39m=\u001b[32m\"MuiTouchRipple-root css-8je8zh-MuiTouchRipple-root\"\u001b[39m\n            \u001b[36m/>\u001b[39m\n          \u001b[36m</a>\u001b[39m\n          \u001b[36m<a\u001b[39m\n            \u001b[33mclass\u001b[39m=\u001b[32m\"MuiButtonBase-root MuiButton-root MuiButton-text MuiButton-textPrimary MuiButton-sizeMedium MuiButton-textSizeMedium MuiButton-colorPrimary MuiButton-root MuiButton-text MuiButton-textPrimary MuiButton-sizeMedium MuiButton-textSizeMedium MuiButton-colorPrimary css-1kwi5j1-MuiButtonBase-root-MuiButton-root\"\u001b[39m\n            \u001b[33mhref\u001b[39m=\u001b[32m\"https://www.cloudbeesstatus.com/\"\u001b[39m\n            \u001b[33mrel\u001b[39m=\u001b[32m\"noreferrer noopener\"\u001b[39m\n            \u001b[33mtabindex\u001b[39m=\u001b[32m\"0\"\u001b[39m\n            \u001b[33mtarget\u001b[39m=\u001b[32m\"_blank\"\u001b[39m\n          \u001b[36m>\u001b[39m\n            \u001b[0mcloudbees-status\u001b[0m\n            \u001b[36m<span\u001b[39m\n              \u001b[33mclass\u001b[39m=\u001b[32m\"MuiTouchRipple-root css-8je8zh-MuiTouchRipple-root\"\u001b[39m\n            \u001b[36m/>\u001b[39m\n          \u001b[36m</a>\u001b[39m\n        \u001b[36m</div>\u001b[39m\n      \u001b[36m</div>\u001b[39m\n    \u001b[36m</div>\u001b[39m\n    \u001b[36m<div\u001b[39m\n      \u001b[33mclass\u001b[39m=\u001b[32m\"SnackbarContainer-bottom SnackbarContainer-left SnackbarContainer-root css-uwcd5u\"\u001b[39m\n    \u001b[36m>\u001b[39m\n      \u001b[36m<div\u001b[39m\n        \u001b[33mclass\u001b[39m=\u001b[32m\"MuiCollapse-root MuiCollapse-vertical MuiCollapse-entered css-pwcg7p-MuiCollapse-root\"\u001b[39m\n        \u001b[33mstyle\u001b[39m=\u001b[32m\"min-height: 0px;\"\u001b[39m\n      \u001b[36m>\u001b[39m\n        \u001b[36m<div\u001b[39m\n          \u001b[33mclass\u001b[39m=\u001b[32m\"MuiCollapse-wrapper MuiCollapse-vertical css-smkl36-MuiCollapse-wrapper\"\u001b[39m\n        \u001b[36m>\u001b[39m\n          \u001b[36m<div\u001b[39m\n            \u001b[33mclass\u001b[39m=\u001b[32m\"MuiCollapse-wrapperInner MuiCollapse-vertical css-9l5vo-MuiCollapse-wrapperInner\"\u001b[39m\n          \u001b[36m>\u001b[39m\n            \u001b[36m<div\u001b[39m\n              \u001b[33mclass\u001b[39m=\u001b[32m\"SnackbarItem-wrappedRoot css-96yce9\"\u001b[39m\n            \u001b[36m>\u001b[39m\n              \u001b[36m<div\u001b[39m\n                \u001b[33maria-describedby\u001b[39m=\u001b[32m\"notistack-snackbar\"\u001b[39m\n                \u001b[33mclass\u001b[39m=\u001b[32m\"SnackbarContent-root SnackbarItem-contentRoot SnackbarItem-variantError SnackbarItem-lessPadding css-hped4j\"\u001b[39m\n                \u001b[33mrole\u001b[39m=\u001b[32m\"alert\"\u001b[39m\n                \u001b[33mstyle\u001b[39m=\u001b[32m\"webkit-transform: none; transform: none; webkit-transition: -webkit-transform 225ms cubic-bezier(0.0, 0, 0.2, 1) 0ms; transition: transform 225ms cubic-bezier(0.0, 0, 0.2, 1) 0ms;\"\u001b[39m\n              \u001b[36m>\u001b[39m\n                \u001b[36m<div\u001b[39m\n                  \u001b[33mclass\u001b[39m=\u001b[32m\"SnackbarItem-message\"\u001b[39m\n                  \u001b[33mid\u001b[39m=\u001b[32m\"notistack-snackbar\"\u001b[39m\n                \u001b[36m>\u001b[39m\n                  \u001b[36m<svg\u001b[39m\n                    \u001b[33maria-hidden\u001b[39m=\u001b[32m\"true\"\u001b[39m\n                    \u001b[33mclass\u001b[39m=\u001b[32m\"MuiSvgIcon-root MuiSvgIcon-fontSizeMedium css-i4bv87-MuiSvgIcon-root\"\u001b[39m\n                    \u001b[33mfocusable\u001b[39m=\u001b[32m\"false\"\u001b[39m\n                    \u001b[33mstyle\u001b[39m=\u001b[32m\"font-size: 20px; margin-inline-end: 8px;\"\u001b[39m\n                    \u001b[33mviewBox\u001b[39m=\u001b[32m\"0 0 24 24\"\u001b[39m\n                  \u001b[36m>\u001b[39m\n                    \u001b[36m<path\u001b[39m\n                      \u001b[33md\u001b[39m=\u001b[32m\"M12,2C17.53,2 22,6.47 22,12C22,17.53 17.53,22 12,22C6.47,22 2,17.53 2,12C2,\n        6.47 6.47,2 12,2M15.59,7L12,10.59L8.41,7L7,8.41L10.59,12L7,15.59L8.41,17L12,\n        13.41L15.59,17L17,15.59L13.41,12L17,8.41L15.59,7Z\"\u001b[39m\n                    \u001b[36m/>\u001b[39m\n                  \u001b[36m</svg>\u001b[39m\n                  \u001b[0mdefault-message\u001b[0m\n                \u001b[36m</div>\u001b[39m\n                \u001b[36m<div\u001b[39m\n                  \u001b[33mclass\u001b[39m=\u001b[32m\"SnackbarItem-action\"\u001b[39m\n                \u001b[36m>\u001b[39m\n                  \u001b[36m<button\u001b[39m\n                    \u001b[33maria-label\u001b[39m=\u001b[32m\"close\"\u001b[39m\n                    \u001b[33mclass\u001b[39m=\u001b[32m\"MuiButtonBase-root MuiIconButton-root MuiIconButton-colorInherit MuiIconButton-sizeSmall css-1e0d89p-MuiButtonBase-root-MuiIconButton-root\"\u001b[39m\n                    \u001b[33mtabindex\u001b[39m=\u001b[32m\"0\"\u001b[39m\n                    \u001b[33mtype\u001b[39m=\u001b[32m\"button\"\u001b[39m\n                  \u001b[36m>\u001b[39m\n                    \u001b[36m<svg\u001b[39m\n                      \u001b[33maria-hidden\u001b[39m=\u001b[32m\"true\"\u001b[39m\n                      \u001b[33mclass\u001b[39m=\u001b[32m\"MuiSvgIcon-root MuiSvgIcon-fontSizeMedium css-i4bv87-MuiSvgIcon-root\"\u001b[39m\n                      \u001b[33mdata-testid\u001b[39m=\u001b[32m\"CloseIcon\"\u001b[39m\n                      \u001b[33mfocusable\u001b[39m=\u001b[32m\"false\"\u001b[39m\n                      \u001b[33mviewBox\u001b[39m=\u001b[32m\"0 0 24 24\"\u001b[39m\n                    \u001b[36m>\u001b[39m\n                      \u001b[36m<path\u001b[39m\n                        \u001b[33md\u001b[39m=\u001b[32m\"M19 6.41 17.59 5 12 10.59 6.41 5 5 6.41 10.59 12 5 17.59 6.41 19 12 13.41 17.59 19 19 17.59 13.41 12z\"\u001b[39m\n                      \u001b[36m/>\u001b[39m\n                    \u001b[36m</svg>\u001b[39m\n                    \u001b[36m<span\u001b[39m\n                      \u001b[33mclass\u001b[39m=\u001b[32m\"MuiTouchRipple-root css-8je8zh-MuiTouchRipple-root\"\u001b[39m\n                    \u001b[36m/>\u001b[39m\n                  \u001b[36m</button>\u001b[39m\n                \u001b[36m</div>\u001b[39m\n              \u001b[36m</div>\u001b[39m\n            \u001b[36m</div>\u001b[39m\n          \u001b[36m</div>\u001b[39m\n        \u001b[36m</div>\u001b[39m\n      \u001b[36m</div>\u001b[39m\n    \u001b[36m</div>\u001b[39m\n  \u001b[36m</div>\u001b[39m\n\u001b[36m</body>\u001b[39m\n    at Object.getElementError (/Users/arajadurai/go/src/github.com/cloudbees/nextgen-ui/node_modules/@testing-library/react/node_modules/@testing-library/dom/dist/config.js:37:19)\n    at /Users/arajadurai/go/src/github.com/cloudbees/nextgen-ui/node_modules/@testing-library/react/node_modules/@testing-library/dom/dist/query-helpers.js:76:38\n    at /Users/arajadurai/go/src/github.com/cloudbees/nextgen-ui/node_modules/@testing-library/react/node_modules/@testing-library/dom/dist/query-helpers.js:52:17\n    at /Users/arajadurai/go/src/github.com/cloudbees/nextgen-ui/node_modules/@testing-library/react/node_modules/@testing-library/dom/dist/query-helpers.js:95:19\n    at /Users/arajadurai/go/src/github.com/cloudbees/nextgen-ui/apps/nextgen-ui/src/app/StaticRoutes.spec.tsx:215:23\n    at Object.r (/Users/arajadurai/go/src/github.com/cloudbees/nextgen-ui/node_modules/jest-preview/dist/index.js:1:1728)\n    at Promise.then.completed (/Users/arajadurai/go/src/github.com/cloudbees/nextgen-ui/node_modules/jest-circus/build/utils.js:293:28)\n    at new Promise (<anonymous>)\n    at callAsyncCircusFn (/Users/arajadurai/go/src/github.com/cloudbees/nextgen-ui/node_modules/jest-circus/build/utils.js:226:10)\n    at _callCircusTest (/Users/arajadurai/go/src/github.com/cloudbees/nextgen-ui/node_modules/jest-circus/build/run.js:297:40)\n    at processTicksAndRejections (node:internal/process/task_queues:105:5)\n    at _runTest (/Users/arajadurai/go/src/github.com/cloudbees/nextgen-ui/node_modules/jest-circus/build/run.js:233:3)\n    at _runTestsForDescribeBlock (/Users/arajadurai/go/src/github.com/cloudbees/nextgen-ui/node_modules/jest-circus/build/run.js:135:9)\n    at _runTestsForDescribeBlock (/Users/arajadurai/go/src/github.com/cloudbees/nextgen-ui/node_modules/jest-circus/build/run.js:130:9)\n    at run (/Users/arajadurai/go/src/github.com/cloudbees/nextgen-ui/node_modules/jest-circus/build/run.js:68:3)\n    at runAndTransformResultsToJestFormat (/Users/arajadurai/go/src/github.com/cloudbees/nextgen-ui/node_modules/jest-circus/build/legacy-code-todo-rewrite/jestAdapterInit.js:122:21)\n    at jestAdapter (/Users/arajadurai/go/src/github.com/cloudbees/nextgen-ui/node_modules/jest-circus/build/legacy-code-todo-rewrite/jestAdapter.js:79:19)\n    at runTestInternal (/Users/arajadurai/go/src/github.com/cloudbees/nextgen-ui/node_modules/jest-runner/build/runTest.js:367:16)\n    at runTest (/Users/arajadurai/go/src/github.com/cloudbees/nextgen-ui/node_modules/jest-runner/build/runTest.js:444:34)\n    at Object.worker (/Users/arajadurai/go/src/github.com/cloudbees/nextgen-ui/node_modules/jest-runner/build/testWorker.js:106:12)"],"fullName":"StaticRoutes /my-account is redirected to /orgs/fake-org/my-account","invocations":1,"location":null,"numPassingAsserts":0,"retryReasons":[],"status":"failed","title":"/my-account is redirected to /orgs/fake-org/my-account"},{"ancestorTitles":["StaticRoutes"],"duration":24,"failureDetails":[{"name":"TestingLibraryElementError"}],"failureMessages":["TestingLibraryElementError: Unable to find an element by: [data-testid=\"home-page\"]\n\nIgnored nodes: comments, script, style\n\u001b[36m<body>\u001b[39m\n  \u001b[36m<div>\u001b[39m\n    \u001b[36m<button\u001b[39m\n      \u001b[33mclass\u001b[39m=\u001b[32m\"MuiButtonBase-root MuiButton-root MuiButton-text MuiButton-textPrimary MuiButton-sizeMedium MuiButton-textSizeMedium MuiButton-colorPrimary MuiButton-root MuiButton-text MuiButton-textPrimary MuiButton-sizeMedium MuiButton-textSizeMedium MuiButton-colorPrimary css-1mfzm1p-MuiButtonBase-root-MuiButton-root\"\u001b[39m\n      \u001b[33mtabindex\u001b[39m=\u001b[32m\"0\"\u001b[39m\n      \u001b[33mtype\u001b[39m=\u001b[32m\"button\"\u001b[39m\n    \u001b[36m>\u001b[39m\n      \u001b[0mSign Out\u001b[0m\n      \u001b[36m<span\u001b[39m\n        \u001b[33mclass\u001b[39m=\u001b[32m\"MuiTouchRipple-root css-8je8zh-MuiTouchRipple-root\"\u001b[39m\n      \u001b[36m/>\u001b[39m\n    \u001b[36m</button>\u001b[39m\n    \u001b[36m<div\u001b[39m\n      \u001b[33mclass\u001b[39m=\u001b[32m\"MuiGrid-root MuiGrid-container css-1tzam2w-MuiGrid-root\"\u001b[39m\n    \u001b[36m>\u001b[39m\n      \u001b[36m<div\u001b[39m\n        \u001b[33mclass\u001b[39m=\u001b[32m\"MuiBox-root css-xi606m\"\u001b[39m\n      \u001b[36m>\u001b[39m\n        \u001b[36m<img\u001b[39m\n          \u001b[33malt\u001b[39m=\u001b[32m\"puzzle\"\u001b[39m\n          \u001b[33msrc\u001b[39m=\u001b[32m\"/libs/shared-components/src/Illustration/Puzzle.svg\"\u001b[39m\n        \u001b[36m/>\u001b[39m\n        \u001b[36m<h4\u001b[39m\n          \u001b[33mclass\u001b[39m=\u001b[32m\"MuiTypography-root MuiTypography-h4 css-vj1wl6-MuiTypography-root\"\u001b[39m\n        \u001b[36m>\u001b[39m\n          \u001b[0mtitle\u001b[0m\n        \u001b[36m</h4>\u001b[39m\n        \u001b[36m<p\u001b[39m\n          \u001b[33mclass\u001b[39m=\u001b[32m\"MuiTypography-root MuiTypography-body1 css-16rkutn-MuiTypography-root\"\u001b[39m\n        \u001b[36m>\u001b[39m\n          \u001b[0mbody\u001b[0m\n        \u001b[36m</p>\u001b[39m\n        \u001b[36m<div\u001b[39m\n          \u001b[33mclass\u001b[39m=\u001b[32m\"MuiBox-root css-18zyau5\"\u001b[39m\n        \u001b[36m>\u001b[39m\n          \u001b[36m<button\u001b[39m\n            \u001b[33mclass\u001b[39m=\u001b[32m\"MuiButtonBase-root MuiButton-root MuiButton-text MuiButton-textPrimary MuiButton-sizeMedium MuiButton-textSizeMedium MuiButton-colorPrimary MuiButton-root MuiButton-text MuiButton-textPrimary MuiButton-sizeMedium MuiButton-textSizeMedium MuiButton-colorPrimary css-1kwi5j1-MuiButtonBase-root-MuiButton-root\"\u001b[39m\n            \u001b[33mtabindex\u001b[39m=\u001b[32m\"0\"\u001b[39m\n            \u001b[33mtype\u001b[39m=\u001b[32m\"button\"\u001b[39m\n          \u001b[36m>\u001b[39m\n            \u001b[0mtry-again\u001b[0m\n            \u001b[36m<span\u001b[39m\n              \u001b[33mclass\u001b[39m=\u001b[32m\"MuiTouchRipple-root css-8je8zh-MuiTouchRipple-root\"\u001b[39m\n            \u001b[36m/>\u001b[39m\n          \u001b[36m</button>\u001b[39m\n          \u001b[36m<a\u001b[39m\n            \u001b[33mclass\u001b[39m=\u001b[32m\"MuiButtonBase-root MuiButton-root MuiButton-text MuiButton-textPrimary MuiButton-sizeMedium MuiButton-textSizeMedium MuiButton-colorPrimary MuiButton-root MuiButton-text MuiButton-textPrimary MuiButton-sizeMedium MuiButton-textSizeMedium MuiButton-colorPrimary css-1kwi5j1-MuiButtonBase-root-MuiButton-root\"\u001b[39m\n            \u001b[33mhref\u001b[39m=\u001b[32m\"https://support.cloudbees.com/\"\u001b[39m\n            \u001b[33mrel\u001b[39m=\u001b[32m\"noreferrer noopener\"\u001b[39m\n            \u001b[33mtabindex\u001b[39m=\u001b[32m\"0\"\u001b[39m\n            \u001b[33mtarget\u001b[39m=\u001b[32m\"_blank\"\u001b[39m\n          \u001b[36m>\u001b[39m\n            \u001b[0mcontact-support\u001b[0m\n            \u001b[36m<span\u001b[39m\n              \u001b[33mclass\u001b[39m=\u001b[32m\"MuiTouchRipple-root css-8je8zh-MuiTouchRipple-root\"\u001b[39m\n            \u001b[36m/>\u001b[39m\n          \u001b[36m</a>\u001b[39m\n          \u001b[36m<a\u001b[39m\n            \u001b[33mclass\u001b[39m=\u001b[32m\"MuiButtonBase-root MuiButton-root MuiButton-text MuiButton-textPrimary MuiButton-sizeMedium MuiButton-textSizeMedium MuiButton-colorPrimary MuiButton-root MuiButton-text MuiButton-textPrimary MuiButton-sizeMedium MuiButton-textSizeMedium MuiButton-colorPrimary css-1kwi5j1-MuiButtonBase-root-MuiButton-root\"\u001b[39m\n            \u001b[33mhref\u001b[39m=\u001b[32m\"https://www.cloudbeesstatus.com/\"\u001b[39m\n            \u001b[33mrel\u001b[39m=\u001b[32m\"noreferrer noopener\"\u001b[39m\n            \u001b[33mtabindex\u001b[39m=\u001b[32m\"0\"\u001b[39m\n            \u001b[33mtarget\u001b[39m=\u001b[32m\"_blank\"\u001b[39m\n          \u001b[36m>\u001b[39m\n            \u001b[0mcloudbees-status\u001b[0m\n            \u001b[36m<span\u001b[39m\n              \u001b[33mclass\u001b[39m=\u001b[32m\"MuiTouchRipple-root css-8je8zh-MuiTouchRipple-root\"\u001b[39m\n            \u001b[36m/>\u001b[39m\n          \u001b[36m</a>\u001b[39m\n        \u001b[36m</div>\u001b[39m\n      \u001b[36m</div>\u001b[39m\n    \u001b[36m</div>\u001b[39m\n    \u001b[36m<div\u001b[39m\n      \u001b[33mclass\u001b[39m=\u001b[32m\"SnackbarContainer-bottom SnackbarContainer-left SnackbarContainer-root css-uwcd5u\"\u001b[39m\n    \u001b[36m>\u001b[39m\n      \u001b[36m<div\u001b[39m\n        \u001b[33mclass\u001b[39m=\u001b[32m\"MuiCollapse-root MuiCollapse-vertical MuiCollapse-entered css-pwcg7p-MuiCollapse-root\"\u001b[39m\n        \u001b[33mstyle\u001b[39m=\u001b[32m\"min-height: 0px;\"\u001b[39m\n      \u001b[36m>\u001b[39m\n        \u001b[36m<div\u001b[39m\n          \u001b[33mclass\u001b[39m=\u001b[32m\"MuiCollapse-wrapper MuiCollapse-vertical css-smkl36-MuiCollapse-wrapper\"\u001b[39m\n        \u001b[36m>\u001b[39m\n          \u001b[36m<div\u001b[39m\n            \u001b[33mclass\u001b[39m=\u001b[32m\"MuiCollapse-wrapperInner MuiCollapse-vertical css-9l5vo-MuiCollapse-wrapperInner\"\u001b[39m\n          \u001b[36m>\u001b[39m\n            \u001b[36m<div\u001b[39m\n              \u001b[33mclass\u001b[39m=\u001b[32m\"SnackbarItem-wrappedRoot css-96yce9\"\u001b[39m\n            \u001b[36m>\u001b[39m\n              \u001b[36m<div\u001b[39m\n                \u001b[33maria-describedby\u001b[39m=\u001b[32m\"notistack-snackbar\"\u001b[39m\n                \u001b[33mclass\u001b[39m=\u001b[32m\"SnackbarContent-root SnackbarItem-contentRoot SnackbarItem-variantError SnackbarItem-lessPadding css-hped4j\"\u001b[39m\n                \u001b[33mrole\u001b[39m=\u001b[32m\"alert\"\u001b[39m\n                \u001b[33mstyle\u001b[39m=\u001b[32m\"webkit-transform: none; transform: none; webkit-transition: -webkit-transform 225ms cubic-bezier(0.0, 0, 0.2, 1) 0ms; transition: transform 225ms cubic-bezier(0.0, 0, 0.2, 1) 0ms;\"\u001b[39m\n              \u001b[36m>\u001b[39m\n                \u001b[36m<div\u001b[39m\n                  \u001b[33mclass\u001b[39m=\u001b[32m\"SnackbarItem-message\"\u001b[39m\n                  \u001b[33mid\u001b[39m=\u001b[32m\"notistack-snackbar\"\u001b[39m\n                \u001b[36m>\u001b[39m\n                  \u001b[36m<svg\u001b[39m\n                    \u001b[33maria-hidden\u001b[39m=\u001b[32m\"true\"\u001b[39m\n                    \u001b[33mclass\u001b[39m=\u001b[32m\"MuiSvgIcon-root MuiSvgIcon-fontSizeMedium css-i4bv87-MuiSvgIcon-root\"\u001b[39m\n                    \u001b[33mfocusable\u001b[39m=\u001b[32m\"false\"\u001b[39m\n                    \u001b[33mstyle\u001b[39m=\u001b[32m\"font-size: 20px; margin-inline-end: 8px;\"\u001b[39m\n                    \u001b[33mviewBox\u001b[39m=\u001b[32m\"0 0 24 24\"\u001b[39m\n                  \u001b[36m>\u001b[39m\n                    \u001b[36m<path\u001b[39m\n                      \u001b[33md\u001b[39m=\u001b[32m\"M12,2C17.53,2 22,6.47 22,12C22,17.53 17.53,22 12,22C6.47,22 2,17.53 2,12C2,\n        6.47 6.47,2 12,2M15.59,7L12,10.59L8.41,7L7,8.41L10.59,12L7,15.59L8.41,17L12,\n        13.41L15.59,17L17,15.59L13.41,12L17,8.41L15.59,7Z\"\u001b[39m\n                    \u001b[36m/>\u001b[39m\n                  \u001b[36m</svg>\u001b[39m\n                  \u001b[0mdefault-message\u001b[0m\n                \u001b[36m</div>\u001b[39m\n                \u001b[36m<div\u001b[39m\n                  \u001b[33mclass\u001b[39m=\u001b[32m\"SnackbarItem-action\"\u001b[39m\n                \u001b[36m>\u001b[39m\n                  \u001b[36m<button\u001b[39m\n                    \u001b[33maria-label\u001b[39m=\u001b[32m\"close\"\u001b[39m\n                    \u001b[33mclass\u001b[39m=\u001b[32m\"MuiButtonBase-root MuiIconButton-root MuiIconButton-colorInherit MuiIconButton-sizeSmall css-1e0d89p-MuiButtonBase-root-MuiIconButton-root\"\u001b[39m\n                    \u001b[33mtabindex\u001b[39m=\u001b[32m\"0\"\u001b[39m\n                    \u001b[33mtype\u001b[39m=\u001b[32m\"button\"\u001b[39m\n                  \u001b[36m>\u001b[39m\n                    \u001b[36m<svg\u001b[39m\n                      \u001b[33maria-hidden\u001b[39m=\u001b[32m\"true\"\u001b[39m\n                      \u001b[33mclass\u001b[39m=\u001b[32m\"MuiSvgIcon-root MuiSvgIcon-fontSizeMedium css-i4bv87-MuiSvgIcon-root\"\u001b[39m\n                      \u001b[33mdata-testid\u001b[39m=\u001b[32m\"CloseIcon\"\u001b[39m\n                      \u001b[33mfocusable\u001b[39m=\u001b[32m\"false\"\u001b[39m\n                      \u001b[33mviewBox\u001b[39m=\u001b[32m\"0 0 24 24\"\u001b[39m\n                    \u001b[36m>\u001b[39m\n                      \u001b[36m<path\u001b[39m\n                        \u001b[33md\u001b[39m=\u001b[32m\"M19 6.41 17.59 5 12 10.59 6.41 5 5 6.41 10.59 12 5 17.59 6.41 19 12 13.41 17.59 19 19 17.59 13.41 12z\"\u001b[39m\n                      \u001b[36m/>\u001b[39m\n                    \u001b[36m</svg>\u001b[39m\n                    \u001b[36m<span\u001b[39m\n                      \u001b[33mclass\u001b[39m=\u001b[32m\"MuiTouchRipple-root css-8je8zh-MuiTouchRipple-root\"\u001b[39m\n                    \u001b[36m/>\u001b[39m\n                  \u001b[36m</button>\u001b[39m\n                \u001b[36m</div>\u001b[39m\n              \u001b[36m</div>\u001b[39m\n            \u001b[36m</div>\u001b[39m\n          \u001b[36m</div>\u001b[39m\n        \u001b[36m</div>\u001b[39m\n      \u001b[36m</div>\u001b[39m\n    \u001b[36m</div>\u001b[39m\n  \u001b[36m</div>\u001b[39m\n\u001b[36m</body>\u001b[39m\n    at Object.getElementError (/Users/arajadurai/go/src/github.com/cloudbees/nextgen-ui/node_modules/@testing-library/react/node_modules/@testing-library/dom/dist/config.js:37:19)\n    at /Users/arajadurai/go/src/github.com/cloudbees/nextgen-ui/node_modules/@testing-library/react/node_modules/@testing-library/dom/dist/query-helpers.js:76:38\n    at /Users/arajadurai/go/src/github.com/cloudbees/nextgen-ui/node_modules/@testing-library/react/node_modules/@testing-library/dom/dist/query-helpers.js:52:17\n    at /Users/arajadurai/go/src/github.com/cloudbees/nextgen-ui/node_modules/@testing-library/react/node_modules/@testing-library/dom/dist/query-helpers.js:95:19\n    at /Users/arajadurai/go/src/github.com/cloudbees/nextgen-ui/apps/nextgen-ui/src/app/StaticRoutes.spec.tsx:219:23\n    at Object.r (/Users/arajadurai/go/src/github.com/cloudbees/nextgen-ui/node_modules/jest-preview/dist/index.js:1:1728)\n    at Promise.then.completed (/Users/arajadurai/go/src/github.com/cloudbees/nextgen-ui/node_modules/jest-circus/build/utils.js:293:28)\n    at new Promise (<anonymous>)\n    at callAsyncCircusFn (/Users/arajadurai/go/src/github.com/cloudbees/nextgen-ui/node_modules/jest-circus/build/utils.js:226:10)\n    at _callCircusTest (/Users/arajadurai/go/src/github.com/cloudbees/nextgen-ui/node_modules/jest-circus/build/run.js:297:40)\n    at processTicksAndRejections (node:internal/process/task_queues:105:5)\n    at _runTest (/Users/arajadurai/go/src/github.com/cloudbees/nextgen-ui/node_modules/jest-circus/build/run.js:233:3)\n    at _runTestsForDescribeBlock (/Users/arajadurai/go/src/github.com/cloudbees/nextgen-ui/node_modules/jest-circus/build/run.js:135:9)\n    at _runTestsForDescribeBlock (/Users/arajadurai/go/src/github.com/cloudbees/nextgen-ui/node_modules/jest-circus/build/run.js:130:9)\n    at run (/Users/arajadurai/go/src/github.com/cloudbees/nextgen-ui/node_modules/jest-circus/build/run.js:68:3)\n    at runAndTransformResultsToJestFormat (/Users/arajadurai/go/src/github.com/cloudbees/nextgen-ui/node_modules/jest-circus/build/legacy-code-todo-rewrite/jestAdapterInit.js:122:21)\n    at jestAdapter (/Users/arajadurai/go/src/github.com/cloudbees/nextgen-ui/node_modules/jest-circus/build/legacy-code-todo-rewrite/jestAdapter.js:79:19)\n    at runTestInternal (/Users/arajadurai/go/src/github.com/cloudbees/nextgen-ui/node_modules/jest-runner/build/runTest.js:367:16)\n    at runTest (/Users/arajadurai/go/src/github.com/cloudbees/nextgen-ui/node_modules/jest-runner/build/runTest.js:444:34)\n    at Object.worker (/Users/arajadurai/go/src/github.com/cloudbees/nextgen-ui/node_modules/jest-runner/build/testWorker.js:106:12)"],"fullName":"StaticRoutes undefined path is redirected to /orgs/fake-org","invocations":1,"location":null,"numPassingAsserts":0,"retryReasons":[],"status":"failed","title":"undefined path is redirected to /orgs/fake-org"}],"endTime":1726662477496,"message":"\u001b[1m\u001b[31m  \u001b[1m● \u001b[22m\u001b[1mStaticRoutes › /my-account is redirected to /orgs/fake-org/my-account\u001b[39m\u001b[22m\n\n    TestingLibraryElementError: Unable to find an element by: [data-testid=\"user-profile-page\"]\n\n    Ignored nodes: comments, script, style\n    \u001b[36m<body>\u001b[39m\n      \u001b[36m<div>\u001b[39m\n        \u001b[36m<button\u001b[39m\n          \u001b[33mclass\u001b[39m=\u001b[32m\"MuiButtonBase-root MuiButton-root MuiButton-text MuiButton-textPrimary MuiButton-sizeMedium MuiButton-textSizeMedium MuiButton-colorPrimary MuiButton-root MuiButton-text MuiButton-textPrimary MuiButton-sizeMedium MuiButton-textSizeMedium MuiButton-colorPrimary css-1mfzm1p-MuiButtonBase-root-MuiButton-root\"\u001b[39m\n          \u001b[33mtabindex\u001b[39m=\u001b[32m\"0\"\u001b[39m\n          \u001b[33mtype\u001b[39m=\u001b[32m\"button\"\u001b[39m\n        \u001b[36m>\u001b[39m\n          \u001b[0mSign Out\u001b[0m\n          \u001b[36m<span\u001b[39m\n            \u001b[33mclass\u001b[39m=\u001b[32m\"MuiTouchRipple-root css-8je8zh-MuiTouchRipple-root\"\u001b[39m\n          \u001b[36m/>\u001b[39m\n        \u001b[36m</button>\u001b[39m\n        \u001b[36m<div\u001b[39m\n          \u001b[33mclass\u001b[39m=\u001b[32m\"MuiGrid-root MuiGrid-container css-1tzam2w-MuiGrid-root\"\u001b[39m\n        \u001b[36m>\u001b[39m\n          \u001b[36m<div\u001b[39m\n            \u001b[33mclass\u001b[39m=\u001b[32m\"MuiBox-root css-xi606m\"\u001b[39m\n          \u001b[36m>\u001b[39m\n            \u001b[36m<img\u001b[39m\n              \u001b[33malt\u001b[39m=\u001b[32m\"puzzle\"\u001b[39m\n              \u001b[33msrc\u001b[39m=\u001b[32m\"/libs/shared-components/src/Illustration/Puzzle.svg\"\u001b[39m\n            \u001b[36m/>\u001b[39m\n            \u001b[36m<h4\u001b[39m\n              \u001b[33mclass\u001b[39m=\u001b[32m\"MuiTypography-root MuiTypography-h4 css-vj1wl6-MuiTypography-root\"\u001b[39m\n            \u001b[36m>\u001b[39m\n              \u001b[0mtitle\u001b[0m\n            \u001b[36m</h4>\u001b[39m\n            \u001b[36m<p\u001b[39m\n              \u001b[33mclass\u001b[39m=\u001b[32m\"MuiTypography-root MuiTypography-body1 css-16rkutn-MuiTypography-root\"\u001b[39m\n            \u001b[36m>\u001b[39m\n              \u001b[0mbody\u001b[0m\n            \u001b[36m</p>\u001b[39m\n            \u001b[36m<div\u001b[39m\n              \u001b[33mclass\u001b[39m=\u001b[32m\"MuiBox-root css-18zyau5\"\u001b[39m\n            \u001b[36m>\u001b[39m\n              \u001b[36m<button\u001b[39m\n                \u001b[33mclass\u001b[39m=\u001b[32m\"MuiButtonBase-root MuiButton-root MuiButton-text MuiButton-textPrimary MuiButton-sizeMedium MuiButton-textSizeMedium MuiButton-colorPrimary MuiButton-root MuiButton-text MuiButton-textPrimary MuiButton-sizeMedium MuiButton-textSizeMedium MuiButton-colorPrimary css-1kwi5j1-MuiButtonBase-root-MuiButton-root\"\u001b[39m\n                \u001b[33mtabindex\u001b[39m=\u001b[32m\"0\"\u001b[39m\n                \u001b[33mtype\u001b[39m=\u001b[32m\"button\"\u001b[39m\n              \u001b[36m>\u001b[39m\n                \u001b[0mtry-again\u001b[0m\n                \u001b[36m<span\u001b[39m\n                  \u001b[33mclass\u001b[39m=\u001b[32m\"MuiTouchRipple-root css-8je8zh-MuiTouchRipple-root\"\u001b[39m\n                \u001b[36m/>\u001b[39m\n              \u001b[36m</button>\u001b[39m\n              \u001b[36m<a\u001b[39m\n                \u001b[33mclass\u001b[39m=\u001b[32m\"MuiButtonBase-root MuiButton-root MuiButton-text MuiButton-textPrimary MuiButton-sizeMedium MuiButton-textSizeMedium MuiButton-colorPrimary MuiButton-root MuiButton-text MuiButton-textPrimary MuiButton-sizeMedium MuiButton-textSizeMedium MuiButton-colorPrimary css-1kwi5j1-MuiButtonBase-root-MuiButton-root\"\u001b[39m\n                \u001b[33mhref\u001b[39m=\u001b[32m\"https://support.cloudbees.com/\"\u001b[39m\n                \u001b[33mrel\u001b[39m=\u001b[32m\"noreferrer noopener\"\u001b[39m\n                \u001b[33mtabindex\u001b[39m=\u001b[32m\"0\"\u001b[39m\n                \u001b[33mtarget\u001b[39m=\u001b[32m\"_blank\"\u001b[39m\n              \u001b[36m>\u001b[39m\n                \u001b[0mcontact-support\u001b[0m\n                \u001b[36m<span\u001b[39m\n                  \u001b[33mclass\u001b[39m=\u001b[32m\"MuiTouchRipple-root css-8je8zh-MuiTouchRipple-root\"\u001b[39m\n                \u001b[36m/>\u001b[39m\n              \u001b[36m</a>\u001b[39m\n              \u001b[36m<a\u001b[39m\n                \u001b[33mclass\u001b[39m=\u001b[32m\"MuiButtonBase-root MuiButton-root MuiButton-text MuiButton-textPrimary MuiButton-sizeMedium MuiButton-textSizeMedium MuiButton-colorPrimary MuiButton-root MuiButton-text MuiButton-textPrimary MuiButton-sizeMedium MuiButton-textSizeMedium MuiButton-colorPrimary css-1kwi5j1-MuiButtonBase-root-MuiButton-root\"\u001b[39m\n                \u001b[33mhref\u001b[39m=\u001b[32m\"https://www.cloudbeesstatus.com/\"\u001b[39m\n                \u001b[33mrel\u001b[39m=\u001b[32m\"noreferrer noopener\"\u001b[39m\n                \u001b[33mtabindex\u001b[39m=\u001b[32m\"0\"\u001b[39m\n                \u001b[33mtarget\u001b[39m=\u001b[32m\"_blank\"\u001b[39m\n              \u001b[36m>\u001b[39m\n                \u001b[0mcloudbees-status\u001b[0m\n                \u001b[36m<span\u001b[39m\n                  \u001b[33mclass\u001b[39m=\u001b[32m\"MuiTouchRipple-root css-8je8zh-MuiTouchRipple-root\"\u001b[39m\n                \u001b[36m/>\u001b[39m\n              \u001b[36m</a>\u001b[39m\n            \u001b[36m</div>\u001b[39m\n          \u001b[36m</div>\u001b[39m\n        \u001b[36m</div>\u001b[39m\n        \u001b[36m<div\u001b[39m\n          \u001b[33mclass\u001b[39m=\u001b[32m\"SnackbarContainer-bottom SnackbarContainer-left SnackbarContainer-root css-uwcd5u\"\u001b[39m\n        \u001b[36m>\u001b[39m\n          \u001b[36m<div\u001b[39m\n            \u001b[33mclass\u001b[39m=\u001b[32m\"MuiCollapse-root MuiCollapse-vertical MuiCollapse-entered css-pwcg7p-MuiCollapse-root\"\u001b[39m\n            \u001b[33mstyle\u001b[39m=\u001b[32m\"min-height: 0px;\"\u001b[39m\n          \u001b[36m>\u001b[39m\n            \u001b[36m<div\u001b[39m\n              \u001b[33mclass\u001b[39m=\u001b[32m\"MuiCollapse-wrapper MuiCollapse-vertical css-smkl36-MuiCollapse-wrapper\"\u001b[39m\n            \u001b[36m>\u001b[39m\n              \u001b[36m<div\u001b[39m\n                \u001b[33mclass\u001b[39m=\u001b[32m\"MuiCollapse-wrapperInner MuiCollapse-vertical css-9l5vo-MuiCollapse-wrapperInner\"\u001b[39m\n              \u001b[36m>\u001b[39m\n                \u001b[36m<div\u001b[39m\n                  \u001b[33mclass\u001b[39m=\u001b[32m\"SnackbarItem-wrappedRoot css-96yce9\"\u001b[39m\n                \u001b[36m>\u001b[39m\n                  \u001b[36m<div\u001b[39m\n                    \u001b[33maria-describedby\u001b[39m=\u001b[32m\"notistack-snackbar\"\u001b[39m\n                    \u001b[33mclass\u001b[39m=\u001b[32m\"SnackbarContent-root SnackbarItem-contentRoot SnackbarItem-variantError SnackbarItem-lessPadding css-hped4j\"\u001b[39m\n                    \u001b[33mrole\u001b[39m=\u001b[32m\"alert\"\u001b[39m\n                    \u001b[33mstyle\u001b[39m=\u001b[32m\"webkit-transform: none; transform: none; webkit-transition: -webkit-transform 225ms cubic-bezier(0.0, 0, 0.2, 1) 0ms; transition: transform 225ms cubic-bezier(0.0, 0, 0.2, 1) 0ms;\"\u001b[39m\n                  \u001b[36m>\u001b[39m\n                    \u001b[36m<div\u001b[39m\n                      \u001b[33mclass\u001b[39m=\u001b[32m\"SnackbarItem-message\"\u001b[39m\n                      \u001b[33mid\u001b[39m=\u001b[32m\"notistack-snackbar\"\u001b[39m\n                    \u001b[36m>\u001b[39m\n                      \u001b[36m<svg\u001b[39m\n                        \u001b[33maria-hidden\u001b[39m=\u001b[32m\"true\"\u001b[39m\n                        \u001b[33mclass\u001b[39m=\u001b[32m\"MuiSvgIcon-root MuiSvgIcon-fontSizeMedium css-i4bv87-MuiSvgIcon-root\"\u001b[39m\n                        \u001b[33mfocusable\u001b[39m=\u001b[32m\"false\"\u001b[39m\n                        \u001b[33mstyle\u001b[39m=\u001b[32m\"font-size: 20px; margin-inline-end: 8px;\"\u001b[39m\n                        \u001b[33mviewBox\u001b[39m=\u001b[32m\"0 0 24 24\"\u001b[39m\n                      \u001b[36m>\u001b[39m\n                        \u001b[36m<path\u001b[39m\n                          \u001b[33md\u001b[39m=\u001b[32m\"M12,2C17.53,2 22,6.47 22,12C22,17.53 17.53,22 12,22C6.47,22 2,17.53 2,12C2,\n            6.47 6.47,2 12,2M15.59,7L12,10.59L8.41,7L7,8.41L10.59,12L7,15.59L8.41,17L12,\n            13.41L15.59,17L17,15.59L13.41,12L17,8.41L15.59,7Z\"\u001b[39m\n                        \u001b[36m/>\u001b[39m\n                      \u001b[36m</svg>\u001b[39m\n                      \u001b[0mdefault-message\u001b[0m\n                    \u001b[36m</div>\u001b[39m\n                    \u001b[36m<div\u001b[39m\n                      \u001b[33mclass\u001b[39m=\u001b[32m\"SnackbarItem-action\"\u001b[39m\n                    \u001b[36m>\u001b[39m\n                      \u001b[36m<button\u001b[39m\n                        \u001b[33maria-label\u001b[39m=\u001b[32m\"close\"\u001b[39m\n                        \u001b[33mclass\u001b[39m=\u001b[32m\"MuiButtonBase-root MuiIconButton-root MuiIconButton-colorInherit MuiIconButton-sizeSmall css-1e0d89p-MuiButtonBase-root-MuiIconButton-root\"\u001b[39m\n                        \u001b[33mtabindex\u001b[39m=\u001b[32m\"0\"\u001b[39m\n                        \u001b[33mtype\u001b[39m=\u001b[32m\"button\"\u001b[39m\n                      \u001b[36m>\u001b[39m\n                        \u001b[36m<svg\u001b[39m\n                          \u001b[33maria-hidden\u001b[39m=\u001b[32m\"true\"\u001b[39m\n                          \u001b[33mclass\u001b[39m=\u001b[32m\"MuiSvgIcon-root MuiSvgIcon-fontSizeMedium css-i4bv87-MuiSvgIcon-root\"\u001b[39m\n                          \u001b[33mdata-testid\u001b[39m=\u001b[32m\"CloseIcon\"\u001b[39m\n                          \u001b[33mfocusable\u001b[39m=\u001b[32m\"false\"\u001b[39m\n                          \u001b[33mviewBox\u001b[39m=\u001b[32m\"0 0 24 24\"\u001b[39m\n                        \u001b[36m>\u001b[39m\n                          \u001b[36m<path\u001b[39m\n                            \u001b[33md\u001b[39m=\u001b[32m\"M19 6.41 17.59 5 12 10.59 6.41 5 5 6.41 10.59 12 5 17.59 6.41 19 12 13.41 17.59 19 19 17.59 13.41 12z\"\u001b[39m\n                          \u001b[36m/>\u001b[39m\n                        \u001b[36m</svg>\u001b[39m\n                        \u001b[36m<span\u001b[39m\n                          \u001b[33mclass\u001b[39m=\u001b[32m\"MuiTouchRipple-root css-8je8zh-MuiTouchRipple-root\"\u001b[39m\n                        \u001b[36m/>\u001b[39m\n                      \u001b[36m</button>\u001b[39m\n                    \u001b[36m</div>\u001b[39m\n                  \u001b[36m</div>\u001b[39m\n                \u001b[36m</div>\u001b[39m\n              \u001b[36m</div>\u001b[39m\n            \u001b[36m</div>\u001b[39m\n          \u001b[36m</div>\u001b[39m\n        \u001b[36m</div>\u001b[39m\n      \u001b[36m</div>\u001b[39m\n    \u001b[36m</body>\u001b[39m\n\u001b[2m\u001b[22m\n\u001b[2m\u001b[22m\n\u001b[2m\u001b[22m\n\u001b[2m      \u001b[2mat Object.getElementError (\u001b[22m\u001b[2m../../node_modules/@testing-library/react/node_modules/@testing-library/dom/dist/config.js\u001b[2m:37:19)\u001b[22m\u001b[2m\u001b[22m\n\u001b[2m      \u001b[2mat \u001b[22m\u001b[2m../../node_modules/@testing-library/react/node_modules/@testing-library/dom/dist/query-helpers.js\u001b[2m:76:38\u001b[22m\u001b[2m\u001b[22m\n\u001b[2m      \u001b[2mat \u001b[22m\u001b[2m../../node_modules/@testing-library/react/node_modules/@testing-library/dom/dist/query-helpers.js\u001b[2m:52:17\u001b[22m\u001b[2m\u001b[22m\n\u001b[2m      \u001b[2mat \u001b[22m\u001b[2m../../node_modules/@testing-library/react/node_modules/@testing-library/dom/dist/query-helpers.js\u001b[2m:95:19\u001b[22m\u001b[2m\u001b[22m\n\u001b[2m      \u001b[2mat \u001b[22m\u001b[2m\u001b[0m\u001b[36msrc/app/StaticRoutes.spec.tsx\u001b[39m\u001b[0m\u001b[2m:215:23\u001b[22m\u001b[2m\u001b[22m\n\u001b[2m      \u001b[2mat Object.r (\u001b[22m\u001b[2m../../node_modules/jest-preview/dist/index.js\u001b[2m:1:1728)\u001b[22m\u001b[2m\u001b[22m\n\n\u001b[1m\u001b[31m  \u001b[1m● \u001b[22m\u001b[1mStaticRoutes › undefined path is redirected to /orgs/fake-org\u001b[39m\u001b[22m\n\n    TestingLibraryElementError: Unable to find an element by: [data-testid=\"home-page\"]\n\n    Ignored nodes: comments, script, style\n    \u001b[36m<body>\u001b[39m\n      \u001b[36m<div>\u001b[39m\n        \u001b[36m<button\u001b[39m\n          \u001b[33mclass\u001b[39m=\u001b[32m\"MuiButtonBase-root MuiButton-root MuiButton-text MuiButton-textPrimary MuiButton-sizeMedium MuiButton-textSizeMedium MuiButton-colorPrimary MuiButton-root MuiButton-text MuiButton-textPrimary MuiButton-sizeMedium MuiButton-textSizeMedium MuiButton-colorPrimary css-1mfzm1p-MuiButtonBase-root-MuiButton-root\"\u001b[39m\n          \u001b[33mtabindex\u001b[39m=\u001b[32m\"0\"\u001b[39m\n          \u001b[33mtype\u001b[39m=\u001b[32m\"button\"\u001b[39m\n        \u001b[36m>\u001b[39m\n          \u001b[0mSign Out\u001b[0m\n          \u001b[36m<span\u001b[39m\n            \u001b[33mclass\u001b[39m=\u001b[32m\"MuiTouchRipple-root css-8je8zh-MuiTouchRipple-root\"\u001b[39m\n          \u001b[36m/>\u001b[39m\n        \u001b[36m</button>\u001b[39m\n        \u001b[36m<div\u001b[39m\n          \u001b[33mclass\u001b[39m=\u001b[32m\"MuiGrid-root MuiGrid-container css-1tzam2w-MuiGrid-root\"\u001b[39m\n        \u001b[36m>\u001b[39m\n          \u001b[36m<div\u001b[39m\n            \u001b[33mclass\u001b[39m=\u001b[32m\"MuiBox-root css-xi606m\"\u001b[39m\n          \u001b[36m>\u001b[39m\n            \u001b[36m<img\u001b[39m\n              \u001b[33malt\u001b[39m=\u001b[32m\"puzzle\"\u001b[39m\n              \u001b[33msrc\u001b[39m=\u001b[32m\"/libs/shared-components/src/Illustration/Puzzle.svg\"\u001b[39m\n            \u001b[36m/>\u001b[39m\n            \u001b[36m<h4\u001b[39m\n              \u001b[33mclass\u001b[39m=\u001b[32m\"MuiTypography-root MuiTypography-h4 css-vj1wl6-MuiTypography-root\"\u001b[39m\n            \u001b[36m>\u001b[39m\n              \u001b[0mtitle\u001b[0m\n            \u001b[36m</h4>\u001b[39m\n            \u001b[36m<p\u001b[39m\n              \u001b[33mclass\u001b[39m=\u001b[32m\"MuiTypography-root MuiTypography-body1 css-16rkutn-MuiTypography-root\"\u001b[39m\n            \u001b[36m>\u001b[39m\n              \u001b[0mbody\u001b[0m\n            \u001b[36m</p>\u001b[39m\n            \u001b[36m<div\u001b[39m\n              \u001b[33mclass\u001b[39m=\u001b[32m\"MuiBox-root css-18zyau5\"\u001b[39m\n            \u001b[36m>\u001b[39m\n              \u001b[36m<button\u001b[39m\n                \u001b[33mclass\u001b[39m=\u001b[32m\"MuiButtonBase-root MuiButton-root MuiButton-text MuiButton-textPrimary MuiButton-sizeMedium MuiButton-textSizeMedium MuiButton-colorPrimary MuiButton-root MuiButton-text MuiButton-textPrimary MuiButton-sizeMedium MuiButton-textSizeMedium MuiButton-colorPrimary css-1kwi5j1-MuiButtonBase-root-MuiButton-root\"\u001b[39m\n                \u001b[33mtabindex\u001b[39m=\u001b[32m\"0\"\u001b[39m\n                \u001b[33mtype\u001b[39m=\u001b[32m\"button\"\u001b[39m\n              \u001b[36m>\u001b[39m\n                \u001b[0mtry-again\u001b[0m\n                \u001b[36m<span\u001b[39m\n                  \u001b[33mclass\u001b[39m=\u001b[32m\"MuiTouchRipple-root css-8je8zh-MuiTouchRipple-root\"\u001b[39m\n                \u001b[36m/>\u001b[39m\n              \u001b[36m</button>\u001b[39m\n              \u001b[36m<a\u001b[39m\n                \u001b[33mclass\u001b[39m=\u001b[32m\"MuiButtonBase-root MuiButton-root MuiButton-text MuiButton-textPrimary MuiButton-sizeMedium MuiButton-textSizeMedium MuiButton-colorPrimary MuiButton-root MuiButton-text MuiButton-textPrimary MuiButton-sizeMedium MuiButton-textSizeMedium MuiButton-colorPrimary css-1kwi5j1-MuiButtonBase-root-MuiButton-root\"\u001b[39m\n                \u001b[33mhref\u001b[39m=\u001b[32m\"https://support.cloudbees.com/\"\u001b[39m\n                \u001b[33mrel\u001b[39m=\u001b[32m\"noreferrer noopener\"\u001b[39m\n                \u001b[33mtabindex\u001b[39m=\u001b[32m\"0\"\u001b[39m\n                \u001b[33mtarget\u001b[39m=\u001b[32m\"_blank\"\u001b[39m\n              \u001b[36m>\u001b[39m\n                \u001b[0mcontact-support\u001b[0m\n                \u001b[36m<span\u001b[39m\n                  \u001b[33mclass\u001b[39m=\u001b[32m\"MuiTouchRipple-root css-8je8zh-MuiTouchRipple-root\"\u001b[39m\n                \u001b[36m/>\u001b[39m\n              \u001b[36m</a>\u001b[39m\n              \u001b[36m<a\u001b[39m\n                \u001b[33mclass\u001b[39m=\u001b[32m\"MuiButtonBase-root MuiButton-root MuiButton-text MuiButton-textPrimary MuiButton-sizeMedium MuiButton-textSizeMedium MuiButton-colorPrimary MuiButton-root MuiButton-text MuiButton-textPrimary MuiButton-sizeMedium MuiButton-textSizeMedium MuiButton-colorPrimary css-1kwi5j1-MuiButtonBase-root-MuiButton-root\"\u001b[39m\n                \u001b[33mhref\u001b[39m=\u001b[32m\"https://www.cloudbeesstatus.com/\"\u001b[39m\n                \u001b[33mrel\u001b[39m=\u001b[32m\"noreferrer noopener\"\u001b[39m\n                \u001b[33mtabindex\u001b[39m=\u001b[32m\"0\"\u001b[39m\n                \u001b[33mtarget\u001b[39m=\u001b[32m\"_blank\"\u001b[39m\n              \u001b[36m>\u001b[39m\n                \u001b[0mcloudbees-status\u001b[0m\n                \u001b[36m<span\u001b[39m\n                  \u001b[33mclass\u001b[39m=\u001b[32m\"MuiTouchRipple-root css-8je8zh-MuiTouchRipple-root\"\u001b[39m\n                \u001b[36m/>\u001b[39m\n              \u001b[36m</a>\u001b[39m\n            \u001b[36m</div>\u001b[39m\n          \u001b[36m</div>\u001b[39m\n        \u001b[36m</div>\u001b[39m\n        \u001b[36m<div\u001b[39m\n          \u001b[33mclass\u001b[39m=\u001b[32m\"SnackbarContainer-bottom SnackbarContainer-left SnackbarContainer-root css-uwcd5u\"\u001b[39m\n        \u001b[36m>\u001b[39m\n          \u001b[36m<div\u001b[39m\n            \u001b[33mclass\u001b[39m=\u001b[32m\"MuiCollapse-root MuiCollapse-vertical MuiCollapse-entered css-pwcg7p-MuiCollapse-root\"\u001b[39m\n            \u001b[33mstyle\u001b[39m=\u001b[32m\"min-height: 0px;\"\u001b[39m\n          \u001b[36m>\u001b[39m\n            \u001b[36m<div\u001b[39m\n              \u001b[33mclass\u001b[39m=\u001b[32m\"MuiCollapse-wrapper MuiCollapse-vertical css-smkl36-MuiCollapse-wrapper\"\u001b[39m\n            \u001b[36m>\u001b[39m\n              \u001b[36m<div\u001b[39m\n                \u001b[33mclass\u001b[39m=\u001b[32m\"MuiCollapse-wrapperInner MuiCollapse-vertical css-9l5vo-MuiCollapse-wrapperInner\"\u001b[39m\n              \u001b[36m>\u001b[39m\n                \u001b[36m<div\u001b[39m\n                  \u001b[33mclass\u001b[39m=\u001b[32m\"SnackbarItem-wrappedRoot css-96yce9\"\u001b[39m\n                \u001b[36m>\u001b[39m\n                  \u001b[36m<div\u001b[39m\n                    \u001b[33maria-describedby\u001b[39m=\u001b[32m\"notistack-snackbar\"\u001b[39m\n                    \u001b[33mclass\u001b[39m=\u001b[32m\"SnackbarContent-root SnackbarItem-contentRoot SnackbarItem-variantError SnackbarItem-lessPadding css-hped4j\"\u001b[39m\n                    \u001b[33mrole\u001b[39m=\u001b[32m\"alert\"\u001b[39m\n                    \u001b[33mstyle\u001b[39m=\u001b[32m\"webkit-transform: none; transform: none; webkit-transition: -webkit-transform 225ms cubic-bezier(0.0, 0, 0.2, 1) 0ms; transition: transform 225ms cubic-bezier(0.0, 0, 0.2, 1) 0ms;\"\u001b[39m\n                  \u001b[36m>\u001b[39m\n                    \u001b[36m<div\u001b[39m\n                      \u001b[33mclass\u001b[39m=\u001b[32m\"SnackbarItem-message\"\u001b[39m\n                      \u001b[33mid\u001b[39m=\u001b[32m\"notistack-snackbar\"\u001b[39m\n                    \u001b[36m>\u001b[39m\n                      \u001b[36m<svg\u001b[39m\n                        \u001b[33maria-hidden\u001b[39m=\u001b[32m\"true\"\u001b[39m\n                        \u001b[33mclass\u001b[39m=\u001b[32m\"MuiSvgIcon-root MuiSvgIcon-fontSizeMedium css-i4bv87-MuiSvgIcon-root\"\u001b[39m\n                        \u001b[33mfocusable\u001b[39m=\u001b[32m\"false\"\u001b[39m\n                        \u001b[33mstyle\u001b[39m=\u001b[32m\"font-size: 20px; margin-inline-end: 8px;\"\u001b[39m\n                        \u001b[33mviewBox\u001b[39m=\u001b[32m\"0 0 24 24\"\u001b[39m\n                      \u001b[36m>\u001b[39m\n                        \u001b[36m<path\u001b[39m\n                          \u001b[33md\u001b[39m=\u001b[32m\"M12,2C17.53,2 22,6.47 22,12C22,17.53 17.53,22 12,22C6.47,22 2,17.53 2,12C2,\n            6.47 6.47,2 12,2M15.59,7L12,10.59L8.41,7L7,8.41L10.59,12L7,15.59L8.41,17L12,\n            13.41L15.59,17L17,15.59L13.41,12L17,8.41L15.59,7Z\"\u001b[39m\n                        \u001b[36m/>\u001b[39m\n                      \u001b[36m</svg>\u001b[39m\n                      \u001b[0mdefault-message\u001b[0m\n                    \u001b[36m</div>\u001b[39m\n                    \u001b[36m<div\u001b[39m\n                      \u001b[33mclass\u001b[39m=\u001b[32m\"SnackbarItem-action\"\u001b[39m\n                    \u001b[36m>\u001b[39m\n                      \u001b[36m<button\u001b[39m\n                        \u001b[33maria-label\u001b[39m=\u001b[32m\"close\"\u001b[39m\n                        \u001b[33mclass\u001b[39m=\u001b[32m\"MuiButtonBase-root MuiIconButton-root MuiIconButton-colorInherit MuiIconButton-sizeSmall css-1e0d89p-MuiButtonBase-root-MuiIconButton-root\"\u001b[39m\n                        \u001b[33mtabindex\u001b[39m=\u001b[32m\"0\"\u001b[39m\n                        \u001b[33mtype\u001b[39m=\u001b[32m\"button\"\u001b[39m\n                      \u001b[36m>\u001b[39m\n                        \u001b[36m<svg\u001b[39m\n                          \u001b[33maria-hidden\u001b[39m=\u001b[32m\"true\"\u001b[39m\n                          \u001b[33mclass\u001b[39m=\u001b[32m\"MuiSvgIcon-root MuiSvgIcon-fontSizeMedium css-i4bv87-MuiSvgIcon-root\"\u001b[39m\n                          \u001b[33mdata-testid\u001b[39m=\u001b[32m\"CloseIcon\"\u001b[39m\n                          \u001b[33mfocusable\u001b[39m=\u001b[32m\"false\"\u001b[39m\n                          \u001b[33mviewBox\u001b[39m=\u001b[32m\"0 0 24 24\"\u001b[39m\n                        \u001b[36m>\u001b[39m\n                          \u001b[36m<path\u001b[39m\n                            \u001b[33md\u001b[39m=\u001b[32m\"M19 6.41 17.59 5 12 10.59 6.41 5 5 6.41 10.59 12 5 17.59 6.41 19 12 13.41 17.59 19 19 17.59 13.41 12z\"\u001b[39m\n                          \u001b[36m/>\u001b[39m\n                        \u001b[36m</svg>\u001b[39m\n                        \u001b[36m<span\u001b[39m\n                          \u001b[33mclass\u001b[39m=\u001b[32m\"MuiTouchRipple-root css-8je8zh-MuiTouchRipple-root\"\u001b[39m\n                        \u001b[36m/>\u001b[39m\n                      \u001b[36m</button>\u001b[39m\n                    \u001b[36m</div>\u001b[39m\n                  \u001b[36m</div>\u001b[39m\n                \u001b[36m</div>\u001b[39m\n              \u001b[36m</div>\u001b[39m\n            \u001b[36m</div>\u001b[39m\n          \u001b[36m</div>\u001b[39m\n        \u001b[36m</div>\u001b[39m\n      \u001b[36m</div>\u001b[39m\n    \u001b[36m</body>\u001b[39m\n\u001b[2m\u001b[22m\n\u001b[2m\u001b[22m\n\u001b[2m\u001b[22m\n\u001b[2m      \u001b[2mat Object.getElementError (\u001b[22m\u001b[2m../../node_modules/@testing-library/react/node_modules/@testing-library/dom/dist/config.js\u001b[2m:37:19)\u001b[22m\u001b[2m\u001b[22m\n\u001b[2m      \u001b[2mat \u001b[22m\u001b[2m../../node_modules/@testing-library/react/node_modules/@testing-library/dom/dist/query-helpers.js\u001b[2m:76:38\u001b[22m\u001b[2m\u001b[22m\n\u001b[2m      \u001b[2mat \u001b[22m\u001b[2m../../node_modules/@testing-library/react/node_modules/@testing-library/dom/dist/query-helpers.js\u001b[2m:52:17\u001b[22m\u001b[2m\u001b[22m\n\u001b[2m      \u001b[2mat \u001b[22m\u001b[2m../../node_modules/@testing-library/react/node_modules/@testing-library/dom/dist/query-helpers.js\u001b[2m:95:19\u001b[22m\u001b[2m\u001b[22m\n\u001b[2m      \u001b[2mat \u001b[22m\u001b[2m\u001b[0m\u001b[36msrc/app/StaticRoutes.spec.tsx\u001b[39m\u001b[0m\u001b[2m:219:23\u001b[22m\u001b[2m\u001b[22m\n\u001b[2m      \u001b[2mat Object.r (\u001b[22m\u001b[2m../../node_modules/jest-preview/dist/index.js\u001b[2m:1:1728)\u001b[22m\u001b[2m\u001b[22m\n","name":"/Users/arajadurai/go/src/github.com/cloudbees/nextgen-ui/apps/nextgen-ui/src/app/StaticRoutes.spec.tsx","startTime":1726662470908,"status":"failed","summary":""},{"assertionResults":[{"ancestorTitles":["Layout"],"duration":25,"failureDetails":[{}],"failureMessages":["TypeError: Cannot read properties of undefined (reading 'enqueueSnackbar')\n    at useNotification (/Users/arajadurai/go/src/github.com/cloudbees/nextgen-ui/libs/shared-hooks/src/useNotification/useNotification.tsx:24:86)\n    at ErrorFallback (/Users/arajadurai/go/src/github.com/cloudbees/nextgen-ui/libs/shared-components/src/ErrorFallback/ErrorFallback.tsx:74:55)\n    at renderWithHooks (/Users/arajadurai/go/src/github.com/cloudbees/nextgen-ui/node_modules/react-dom/cjs/react-dom.development.js:16305:18)\n    at mountIndeterminateComponent (/Users/arajadurai/go/src/github.com/cloudbees/nextgen-ui/node_modules/react-dom/cjs/react-dom.development.js:20074:13)\n    at beginWork (/Users/arajadurai/go/src/github.com/cloudbees/nextgen-ui/node_modules/react-dom/cjs/react-dom.development.js:21587:16)\n    at beginWork$1 (/Users/arajadurai/go/src/github.com/cloudbees/nextgen-ui/node_modules/react-dom/cjs/react-dom.development.js:27426:14)\n    at performUnitOfWork (/Users/arajadurai/go/src/github.com/cloudbees/nextgen-ui/node_modules/react-dom/cjs/react-dom.development.js:26560:12)\n    at workLoopSync (/Users/arajadurai/go/src/github.com/cloudbees/nextgen-ui/node_modules/react-dom/cjs/react-dom.development.js:26466:5)\n    at renderRootSync (/Users/arajadurai/go/src/github.com/cloudbees/nextgen-ui/node_modules/react-dom/cjs/react-dom.development.js:26434:7)\n    at recoverFromConcurrentError (/Users/arajadurai/go/src/github.com/cloudbees/nextgen-ui/node_modules/react-dom/cjs/react-dom.development.js:25850:20)\n    at performConcurrentWorkOnRoot (/Users/arajadurai/go/src/github.com/cloudbees/nextgen-ui/node_modules/react-dom/cjs/react-dom.development.js:25750:22)\n    at flushActQueue (/Users/arajadurai/go/src/github.com/cloudbees/nextgen-ui/node_modules/react/cjs/react.development.js:2667:24)\n    at act (/Users/arajadurai/go/src/github.com/cloudbees/nextgen-ui/node_modules/react/cjs/react.development.js:2582:11)\n    at /Users/arajadurai/go/src/github.com/cloudbees/nextgen-ui/node_modules/@testing-library/react/dist/act-compat.js:63:25\n    at renderRoot (/Users/arajadurai/go/src/github.com/cloudbees/nextgen-ui/node_modules/@testing-library/react/dist/pure.js:159:26)\n    at render (/Users/arajadurai/go/src/github.com/cloudbees/nextgen-ui/node_modules/@testing-library/react/dist/pure.js:246:10)\n    at render (/Users/arajadurai/go/src/github.com/cloudbees/nextgen-ui/libs/shared-test-utils/src/render/render.tsx:84:42)\n    at factory (/Users/arajadurai/go/src/github.com/cloudbees/nextgen-ui/apps/nextgen-ui/src/components/Layout/index.spec.tsx:378:31)\n    at /Users/arajadurai/go/src/github.com/cloudbees/nextgen-ui/apps/nextgen-ui/src/components/Layout/index.spec.tsx:405:25\n    at Object.r (/Users/arajadurai/go/src/github.com/cloudbees/nextgen-ui/node_modules/jest-preview/dist/index.js:1:1728)\n    at Promise.then.completed (/Users/arajadurai/go/src/github.com/cloudbees/nextgen-ui/node_modules/jest-circus/build/utils.js:293:28)\n    at new Promise (<anonymous>)\n    at callAsyncCircusFn (/Users/arajadurai/go/src/github.com/cloudbees/nextgen-ui/node_modules/jest-circus/build/utils.js:226:10)\n    at _callCircusTest (/Users/arajadurai/go/src/github.com/cloudbees/nextgen-ui/node_modules/jest-circus/build/run.js:297:40)\n    at processTicksAndRejections (node:internal/process/task_queues:105:5)\n    at _runTest (/Users/arajadurai/go/src/github.com/cloudbees/nextgen-ui/node_modules/jest-circus/build/run.js:233:3)\n    at _runTestsForDescribeBlock (/Users/arajadurai/go/src/github.com/cloudbees/nextgen-ui/node_modules/jest-circus/build/run.js:135:9)\n    at _runTestsForDescribeBlock (/Users/arajadurai/go/src/github.com/cloudbees/nextgen-ui/node_modules/jest-circus/build/run.js:130:9)\n    at run (/Users/arajadurai/go/src/github.com/cloudbees/nextgen-ui/node_modules/jest-circus/build/run.js:68:3)\n    at runAndTransformResultsToJestFormat (/Users/arajadurai/go/src/github.com/cloudbees/nextgen-ui/node_modules/jest-circus/build/legacy-code-todo-rewrite/jestAdapterInit.js:122:21)\n    at jestAdapter (/Users/arajadurai/go/src/github.com/cloudbees/nextgen-ui/node_modules/jest-circus/build/legacy-code-todo-rewrite/jestAdapter.js:79:19)\n    at runTestInternal (/Users/arajadurai/go/src/github.com/cloudbees/nextgen-ui/node_modules/jest-runner/build/runTest.js:367:16)\n    at runTest (/Users/arajadurai/go/src/github.com/cloudbees/nextgen-ui/node_modules/jest-runner/build/runTest.js:444:34)\n    at Object.worker (/Users/arajadurai/go/src/github.com/cloudbees/nextgen-ui/node_modules/jest-runner/build/testWorker.js:106:12)"],"fullName":"Layout should match snapshots","invocations":1,"location":null,"numPassingAsserts":0,"retryReasons":[],"status":"failed","title":"should match snapshots"},{"ancestorTitles":["Layout"],"duration":8,"failureDetails":[{}],"failureMessages":["TypeError: Cannot read properties of undefined (reading 'enqueueSnackbar')\n    at useNotification (/Users/arajadurai/go/src/github.com/cloudbees/nextgen-ui/libs/shared-hooks/src/useNotification/useNotification.tsx:24:86)\n    at ErrorFallback (/Users/arajadurai/go/src/github.com/cloudbees/nextgen-ui/libs/shared-components/src/ErrorFallback/ErrorFallback.tsx:74:55)\n    at renderWithHooks (/Users/arajadurai/go/src/github.com/cloudbees/nextgen-ui/node_modules/react-dom/cjs/react-dom.development.js:16305:18)\n    at mountIndeterminateComponent (/Users/arajadurai/go/src/github.com/cloudbees/nextgen-ui/node_modules/react-dom/cjs/react-dom.development.js:20074:13)\n    at beginWork (/Users/arajadurai/go/src/github.com/cloudbees/nextgen-ui/node_modules/react-dom/cjs/react-dom.development.js:21587:16)\n    at beginWork$1 (/Users/arajadurai/go/src/github.com/cloudbees/nextgen-ui/node_modules/react-dom/cjs/react-dom.development.js:27426:14)\n    at performUnitOfWork (/Users/arajadurai/go/src/github.com/cloudbees/nextgen-ui/node_modules/react-dom/cjs/react-dom.development.js:26560:12)\n    at workLoopSync (/Users/arajadurai/go/src/github.com/cloudbees/nextgen-ui/node_modules/react-dom/cjs/react-dom.development.js:26466:5)\n    at renderRootSync (/Users/arajadurai/go/src/github.com/cloudbees/nextgen-ui/node_modules/react-dom/cjs/react-dom.development.js:26434:7)\n    at recoverFromConcurrentError (/Users/arajadurai/go/src/github.com/cloudbees/nextgen-ui/node_modules/react-dom/cjs/react-dom.development.js:25850:20)\n    at performConcurrentWorkOnRoot (/Users/arajadurai/go/src/github.com/cloudbees/nextgen-ui/node_modules/react-dom/cjs/react-dom.development.js:25750:22)\n    at flushActQueue (/Users/arajadurai/go/src/github.com/cloudbees/nextgen-ui/node_modules/react/cjs/react.development.js:2667:24)\n    at act (/Users/arajadurai/go/src/github.com/cloudbees/nextgen-ui/node_modules/react/cjs/react.development.js:2582:11)\n    at /Users/arajadurai/go/src/github.com/cloudbees/nextgen-ui/node_modules/@testing-library/react/dist/act-compat.js:63:25\n    at renderRoot (/Users/arajadurai/go/src/github.com/cloudbees/nextgen-ui/node_modules/@testing-library/react/dist/pure.js:159:26)\n    at render (/Users/arajadurai/go/src/github.com/cloudbees/nextgen-ui/node_modules/@testing-library/react/dist/pure.js:246:10)\n    at render (/Users/arajadurai/go/src/github.com/cloudbees/nextgen-ui/libs/shared-test-utils/src/render/render.tsx:84:42)\n    at factory (/Users/arajadurai/go/src/github.com/cloudbees/nextgen-ui/apps/nextgen-ui/src/components/Layout/index.spec.tsx:378:31)\n    at /Users/arajadurai/go/src/github.com/cloudbees/nextgen-ui/apps/nextgen-ui/src/components/Layout/index.spec.tsx:411:22\n    at step (/Users/arajadurai/go/src/github.com/cloudbees/nextgen-ui/apps/nextgen-ui/src/components/Layout/index.spec.tsx:359:23)\n    at Object.next (/Users/arajadurai/go/src/github.com/cloudbees/nextgen-ui/apps/nextgen-ui/src/components/Layout/index.spec.tsx:300:20)\n    at asyncGeneratorStep (/Users/arajadurai/go/src/github.com/cloudbees/nextgen-ui/apps/nextgen-ui/src/components/Layout/index.spec.tsx:202:28)\n    at _next (/Users/arajadurai/go/src/github.com/cloudbees/nextgen-ui/apps/nextgen-ui/src/components/Layout/index.spec.tsx:220:17)\n    at /Users/arajadurai/go/src/github.com/cloudbees/nextgen-ui/apps/nextgen-ui/src/components/Layout/index.spec.tsx:225:13\n    at new Promise (<anonymous>)\n    at /Users/arajadurai/go/src/github.com/cloudbees/nextgen-ui/apps/nextgen-ui/src/components/Layout/index.spec.tsx:217:16\n    at Object.r (/Users/arajadurai/go/src/github.com/cloudbees/nextgen-ui/node_modules/jest-preview/dist/index.js:1:1728)\n    at Promise.then.completed (/Users/arajadurai/go/src/github.com/cloudbees/nextgen-ui/node_modules/jest-circus/build/utils.js:293:28)\n    at new Promise (<anonymous>)\n    at callAsyncCircusFn (/Users/arajadurai/go/src/github.com/cloudbees/nextgen-ui/node_modules/jest-circus/build/utils.js:226:10)\n    at _callCircusTest (/Users/arajadurai/go/src/github.com/cloudbees/nextgen-ui/node_modules/jest-circus/build/run.js:297:40)\n    at processTicksAndRejections (node:internal/process/task_queues:105:5)\n    at _runTest (/Users/arajadurai/go/src/github.com/cloudbees/nextgen-ui/node_modules/jest-circus/build/run.js:233:3)\n    at _runTestsForDescribeBlock (/Users/arajadurai/go/src/github.com/cloudbees/nextgen-ui/node_modules/jest-circus/build/run.js:135:9)\n    at _runTestsForDescribeBlock (/Users/arajadurai/go/src/github.com/cloudbees/nextgen-ui/node_modules/jest-circus/build/run.js:130:9)\n    at run (/Users/arajadurai/go/src/github.com/cloudbees/nextgen-ui/node_modules/jest-circus/build/run.js:68:3)\n    at runAndTransformResultsToJestFormat (/Users/arajadurai/go/src/github.com/cloudbees/nextgen-ui/node_modules/jest-circus/build/legacy-code-todo-rewrite/jestAdapterInit.js:122:21)\n    at jestAdapter (/Users/arajadurai/go/src/github.com/cloudbees/nextgen-ui/node_modules/jest-circus/build/legacy-code-todo-rewrite/jestAdapter.js:79:19)\n    at runTestInternal (/Users/arajadurai/go/src/github.com/cloudbees/nextgen-ui/node_modules/jest-runner/build/runTest.js:367:16)\n    at runTest (/Users/arajadurai/go/src/github.com/cloudbees/nextgen-ui/node_modules/jest-runner/build/runTest.js:444:34)\n    at Object.worker (/Users/arajadurai/go/src/github.com/cloudbees/nextgen-ui/node_modules/jest-runner/build/testWorker.js:106:12)"],"fullName":"Layout should verify logo click","invocations":1,"location":null,"numPassingAsserts":0,"retryReasons":[],"status":"failed","title":"should verify logo click"}],"endTime":1726662479196,"message":"\u001b[1m\u001b[31m  \u001b[1m● \u001b[22m\u001b[1mLayout › should match snapshots\u001b[39m\u001b[22m\n\n    TypeError: Cannot read properties of undefined (reading 'enqueueSnackbar')\n\u001b[2m\u001b[22m\n\u001b[2m    \u001b[0m \u001b[90m 22 |\u001b[39m     ) \u001b[33m=>\u001b[39m {\u001b[0m\u001b[22m\n\u001b[2m    \u001b[0m \u001b[90m 23 |\u001b[39m       enqueueSnackbar(message\u001b[33m,\u001b[39m {\u001b[0m\u001b[22m\n\u001b[2m    \u001b[0m\u001b[31m\u001b[1m>\u001b[22m\u001b[2m\u001b[39m\u001b[90m 24 |\u001b[39m         variant\u001b[33m,\u001b[39m\u001b[0m\u001b[22m\n\u001b[2m    \u001b[0m \u001b[90m    |\u001b[39m                           \u001b[31m\u001b[1m^\u001b[22m\u001b[2m\u001b[39m\u001b[0m\u001b[22m\n\u001b[2m    \u001b[0m \u001b[90m 25 |\u001b[39m         preventDuplicate\u001b[33m,\u001b[39m\u001b[0m\u001b[22m\n\u001b[2m    \u001b[0m \u001b[90m 26 |\u001b[39m         autoHideDuration\u001b[33m,\u001b[39m\u001b[0m\u001b[22m\n\u001b[2m    \u001b[0m \u001b[90m 27 |\u001b[39m         action\u001b[33m:\u001b[39m key \u001b[33m=>\u001b[39m (\u001b[0m\u001b[22m\n\u001b[2m\u001b[22m\n\u001b[2m      \u001b[2mat useNotification (\u001b[22m\u001b[2m../../libs/shared-hooks/src/useNotification/useNotification.tsx\u001b[2m:24:86)\u001b[22m\u001b[2m\u001b[22m\n\u001b[2m      \u001b[2mat ErrorFallback (\u001b[22m\u001b[2m../../libs/shared-components/src/ErrorFallback/ErrorFallback.tsx\u001b[2m:74:55)\u001b[22m\u001b[2m\u001b[22m\n\u001b[2m      \u001b[2mat renderWithHooks (\u001b[22m\u001b[2m../../node_modules/react-dom/cjs/react-dom.development.js\u001b[2m:16305:18)\u001b[22m\u001b[2m\u001b[22m\n\u001b[2m      \u001b[2mat mountIndeterminateComponent (\u001b[22m\u001b[2m../../node_modules/react-dom/cjs/react-dom.development.js\u001b[2m:20074:13)\u001b[22m\u001b[2m\u001b[22m\n\u001b[2m      \u001b[2mat beginWork (\u001b[22m\u001b[2m../../node_modules/react-dom/cjs/react-dom.development.js\u001b[2m:21587:16)\u001b[22m\u001b[2m\u001b[22m\n\u001b[2m      \u001b[2mat beginWork$1 (\u001b[22m\u001b[2m../../node_modules/react-dom/cjs/react-dom.development.js\u001b[2m:27426:14)\u001b[22m\u001b[2m\u001b[22m\n\u001b[2m      \u001b[2mat performUnitOfWork (\u001b[22m\u001b[2m../../node_modules/react-dom/cjs/react-dom.development.js\u001b[2m:26560:12)\u001b[22m\u001b[2m\u001b[22m\n\u001b[2m      \u001b[2mat workLoopSync (\u001b[22m\u001b[2m../../node_modules/react-dom/cjs/react-dom.development.js\u001b[2m:26466:5)\u001b[22m\u001b[2m\u001b[22m\n\u001b[2m      \u001b[2mat renderRootSync (\u001b[22m\u001b[2m../../node_modules/react-dom/cjs/react-dom.development.js\u001b[2m:26434:7)\u001b[22m\u001b[2m\u001b[22m\n\u001b[2m      \u001b[2mat recoverFromConcurrentError (\u001b[22m\u001b[2m../../node_modules/react-dom/cjs/react-dom.development.js\u001b[2m:25850:20)\u001b[22m\u001b[2m\u001b[22m\n\u001b[2m      \u001b[2mat performConcurrentWorkOnRoot (\u001b[22m\u001b[2m../../node_modules/react-dom/cjs/react-dom.development.js\u001b[2m:25750:22)\u001b[22m\u001b[2m\u001b[22m\n\u001b[2m      \u001b[2mat flushActQueue (\u001b[22m\u001b[2m../../node_modules/react/cjs/react.development.js\u001b[2m:2667:24)\u001b[22m\u001b[2m\u001b[22m\n\u001b[2m      \u001b[2mat act (\u001b[22m\u001b[2m../../node_modules/react/cjs/react.development.js\u001b[2m:2582:11)\u001b[22m\u001b[2m\u001b[22m\n\u001b[2m      \u001b[2mat \u001b[22m\u001b[2m../../node_modules/@testing-library/react/dist/act-compat.js\u001b[2m:63:25\u001b[22m\u001b[2m\u001b[22m\n\u001b[2m      \u001b[2mat renderRoot (\u001b[22m\u001b[2m../../node_modules/@testing-library/react/dist/pure.js\u001b[2m:159:26)\u001b[22m\u001b[2m\u001b[22m\n\u001b[2m      \u001b[2mat render (\u001b[22m\u001b[2m../../node_modules/@testing-library/react/dist/pure.js\u001b[2m:246:10)\u001b[22m\u001b[2m\u001b[22m\n\u001b[2m      \u001b[2mat render (\u001b[22m\u001b[2m../../libs/shared-test-utils/src/render/render.tsx\u001b[2m:84:42)\u001b[22m\u001b[2m\u001b[22m\n\u001b[2m      \u001b[2mat factory (\u001b[22m\u001b[2m\u001b[0m\u001b[36msrc/components/Layout/index.spec.tsx\u001b[39m\u001b[0m\u001b[2m:378:31)\u001b[22m\u001b[2m\u001b[22m\n\u001b[2m      \u001b[2mat \u001b[22m\u001b[2m\u001b[0m\u001b[36msrc/components/Layout/index.spec.tsx\u001b[39m\u001b[0m\u001b[2m:405:25\u001b[22m\u001b[2m\u001b[22m\n\u001b[2m      \u001b[2mat Object.r (\u001b[22m\u001b[2m../../node_modules/jest-preview/dist/index.js\u001b[2m:1:1728)\u001b[22m\u001b[2m\u001b[22m\n\n\u001b[1m\u001b[31m  \u001b[1m● \u001b[22m\u001b[1mLayout › should verify logo click\u001b[39m\u001b[22m\n\n    TypeError: Cannot read properties of undefined (reading 'enqueueSnackbar')\n\u001b[2m\u001b[22m\n\u001b[2m    \u001b[0m \u001b[90m 22 |\u001b[39m     ) \u001b[33m=>\u001b[39m {\u001b[0m\u001b[22m\n\u001b[2m    \u001b[0m \u001b[90m 23 |\u001b[39m       enqueueSnackbar(message\u001b[33m,\u001b[39m {\u001b[0m\u001b[22m\n\u001b[2m    \u001b[0m\u001b[31m\u001b[1m>\u001b[22m\u001b[2m\u001b[39m\u001b[90m 24 |\u001b[39m         variant\u001b[33m,\u001b[39m\u001b[0m\u001b[22m\n\u001b[2m    \u001b[0m \u001b[90m    |\u001b[39m                           \u001b[31m\u001b[1m^\u001b[22m\u001b[2m\u001b[39m\u001b[0m\u001b[22m\n\u001b[2m    \u001b[0m \u001b[90m 25 |\u001b[39m         preventDuplicate\u001b[33m,\u001b[39m\u001b[0m\u001b[22m\n\u001b[2m    \u001b[0m \u001b[90m 26 |\u001b[39m         autoHideDuration\u001b[33m,\u001b[39m\u001b[0m\u001b[22m\n\u001b[2m    \u001b[0m \u001b[90m 27 |\u001b[39m         action\u001b[33m:\u001b[39m key \u001b[33m=>\u001b[39m (\u001b[0m\u001b[22m\n\u001b[2m\u001b[22m\n\u001b[2m      \u001b[2mat useNotification (\u001b[22m\u001b[2m../../libs/shared-hooks/src/useNotification/useNotification.tsx\u001b[2m:24:86)\u001b[22m\u001b[2m\u001b[22m\n\u001b[2m      \u001b[2mat ErrorFallback (\u001b[22m\u001b[2m../../libs/shared-components/src/ErrorFallback/ErrorFallback.tsx\u001b[2m:74:55)\u001b[22m\u001b[2m\u001b[22m\n\u001b[2m      \u001b[2mat renderWithHooks (\u001b[22m\u001b[2m../../node_modules/react-dom/cjs/react-dom.development.js\u001b[2m:16305:18)\u001b[22m\u001b[2m\u001b[22m\n\u001b[2m      \u001b[2mat mountIndeterminateComponent (\u001b[22m\u001b[2m../../node_modules/react-dom/cjs/react-dom.development.js\u001b[2m:20074:13)\u001b[22m\u001b[2m\u001b[22m\n\u001b[2m      \u001b[2mat beginWork (\u001b[22m\u001b[2m../../node_modules/react-dom/cjs/react-dom.development.js\u001b[2m:21587:16)\u001b[22m\u001b[2m\u001b[22m\n\u001b[2m      \u001b[2mat beginWork$1 (\u001b[22m\u001b[2m../../node_modules/react-dom/cjs/react-dom.development.js\u001b[2m:27426:14)\u001b[22m\u001b[2m\u001b[22m\n\u001b[2m      \u001b[2mat performUnitOfWork (\u001b[22m\u001b[2m../../node_modules/react-dom/cjs/react-dom.development.js\u001b[2m:26560:12)\u001b[22m\u001b[2m\u001b[22m\n\u001b[2m      \u001b[2mat workLoopSync (\u001b[22m\u001b[2m../../node_modules/react-dom/cjs/react-dom.development.js\u001b[2m:26466:5)\u001b[22m\u001b[2m\u001b[22m\n\u001b[2m      \u001b[2mat renderRootSync (\u001b[22m\u001b[2m../../node_modules/react-dom/cjs/react-dom.development.js\u001b[2m:26434:7)\u001b[22m\u001b[2m\u001b[22m\n\u001b[2m      \u001b[2mat recoverFromConcurrentError (\u001b[22m\u001b[2m../../node_modules/react-dom/cjs/react-dom.development.js\u001b[2m:25850:20)\u001b[22m\u001b[2m\u001b[22m\n\u001b[2m      \u001b[2mat performConcurrentWorkOnRoot (\u001b[22m\u001b[2m../../node_modules/react-dom/cjs/react-dom.development.js\u001b[2m:25750:22)\u001b[22m\u001b[2m\u001b[22m\n\u001b[2m      \u001b[2mat flushActQueue (\u001b[22m\u001b[2m../../node_modules/react/cjs/react.development.js\u001b[2m:2667:24)\u001b[22m\u001b[2m\u001b[22m\n\u001b[2m      \u001b[2mat act (\u001b[22m\u001b[2m../../node_modules/react/cjs/react.development.js\u001b[2m:2582:11)\u001b[22m\u001b[2m\u001b[22m\n\u001b[2m      \u001b[2mat \u001b[22m\u001b[2m../../node_modules/@testing-library/react/dist/act-compat.js\u001b[2m:63:25\u001b[22m\u001b[2m\u001b[22m\n\u001b[2m      \u001b[2mat renderRoot (\u001b[22m\u001b[2m../../node_modules/@testing-library/react/dist/pure.js\u001b[2m:159:26)\u001b[22m\u001b[2m\u001b[22m\n\u001b[2m      \u001b[2mat render (\u001b[22m\u001b[2m../../node_modules/@testing-library/react/dist/pure.js\u001b[2m:246:10)\u001b[22m\u001b[2m\u001b[22m\n\u001b[2m      \u001b[2mat render (\u001b[22m\u001b[2m../../libs/shared-test-utils/src/render/render.tsx\u001b[2m:84:42)\u001b[22m\u001b[2m\u001b[22m\n\u001b[2m      \u001b[2mat factory (\u001b[22m\u001b[2m\u001b[0m\u001b[36msrc/components/Layout/index.spec.tsx\u001b[39m\u001b[0m\u001b[2m:378:31)\u001b[22m\u001b[2m\u001b[22m\n\u001b[2m      \u001b[2mat \u001b[22m\u001b[2m\u001b[0m\u001b[36msrc/components/Layout/index.spec.tsx\u001b[39m\u001b[0m\u001b[2m:411:22\u001b[22m\u001b[2m\u001b[22m\n\u001b[2m      \u001b[2mat step (\u001b[22m\u001b[2m\u001b[0m\u001b[36msrc/components/Layout/index.spec.tsx\u001b[39m\u001b[0m\u001b[2m:359:23)\u001b[22m\u001b[2m\u001b[22m\n\u001b[2m      \u001b[2mat Object.next (\u001b[22m\u001b[2m\u001b[0m\u001b[36msrc/components/Layout/index.spec.tsx\u001b[39m\u001b[0m\u001b[2m:300:20)\u001b[22m\u001b[2m\u001b[22m\n\u001b[2m      \u001b[2mat asyncGeneratorStep (\u001b[22m\u001b[2m\u001b[0m\u001b[36msrc/components/Layout/index.spec.tsx\u001b[39m\u001b[0m\u001b[2m:202:28)\u001b[22m\u001b[2m\u001b[22m\n\u001b[2m      \u001b[2mat _next (\u001b[22m\u001b[2m\u001b[0m\u001b[36msrc/components/Layout/index.spec.tsx\u001b[39m\u001b[0m\u001b[2m:220:17)\u001b[22m\u001b[2m\u001b[22m\n\u001b[2m      \u001b[2mat \u001b[22m\u001b[2m\u001b[0m\u001b[36msrc/components/Layout/index.spec.tsx\u001b[39m\u001b[0m\u001b[2m:225:13\u001b[22m\u001b[2m\u001b[22m\n\u001b[2m      \u001b[2mat \u001b[22m\u001b[2m\u001b[0m\u001b[36msrc/components/Layout/index.spec.tsx\u001b[39m\u001b[0m\u001b[2m:217:16\u001b[22m\u001b[2m\u001b[22m\n\u001b[2m      \u001b[2mat Object.r (\u001b[22m\u001b[2m../../node_modules/jest-preview/dist/index.js\u001b[2m:1:1728)\u001b[22m\u001b[2m\u001b[22m\n","name":"/Users/arajadurai/go/src/github.com/cloudbees/nextgen-ui/apps/nextgen-ui/src/components/Layout/index.spec.tsx","startTime":1726662477569,"status":"failed","summary":""},{"assertionResults":[{"ancestorTitles":["NavigationCategory"],"duration":30,"failureDetails":[],"failureMessages":[],"fullName":"NavigationCategory should render category button, action and links","invocations":1,"location":null,"numPassingAsserts":1,"retryReasons":[],"status":"passed","title":"should render category button, action and links"}],"endTime":1726662480935,"message":"","name":"/Users/arajadurai/go/src/github.com/cloudbees/nextgen-ui/apps/nextgen-ui/src/components/Layout/NavigationCategory.spec.tsx","startTime":1726662479238,"status":"passed","summary":""},{"assertionResults":[{"ancestorTitles":["ComponentFilter"],"duration":40,"failureDetails":[],"failureMessages":[],"fullName":"ComponentFilter renders the component filter","invocations":1,"location":null,"numPassingAsserts":2,"retryReasons":[],"status":"passed","title":"renders the component filter"},{"ancestorTitles":["ComponentFilter"],"duration":115,"failureDetails":[],"failureMessages":[],"fullName":"ComponentFilter able to search","invocations":1,"location":null,"numPassingAsserts":3,"retryReasons":[],"status":"passed","title":"able to search"},{"ancestorTitles":["ComponentFilter"],"duration":52,"failureDetails":[],"failureMessages":[],"fullName":"ComponentFilter able to sort","invocations":1,"location":null,"numPassingAsserts":3,"retryReasons":[],"status":"passed","title":"able to sort"}],"endTime":1726662482167,"message":"","name":"/Users/arajadurai/go/src/github.com/cloudbees/nextgen-ui/apps/nextgen-ui/src/components/Layout/SideNavFilters/ComponentFilter.spec.tsx","startTime":1726662480961,"status":"passed","summary":""},{"assertionResults":[{"ancestorTitles":["NavigationSwitcher"],"duration":30,"failureDetails":[],"failureMessages":[],"fullName":"NavigationSwitcher loading state when there is no component data","invocations":1,"location":null,"numPassingAsserts":1,"retryReasons":[],"status":"passed","title":"loading state when there is no component data"},{"ancestorTitles":["NavigationSwitcher"],"duration":154,"failureDetails":[],"failureMessages":[],"fullName":"NavigationSwitcher Display \"There are no sub-organizations or components\" in case no sub-organizations or components","invocations":1,"location":null,"numPassingAsserts":2,"retryReasons":[],"status":"passed","title":"Display \"There are no sub-organizations or components\" in case no sub-organizations or components"},{"ancestorTitles":["NavigationSwitcher"],"duration":67,"failureDetails":[],"failureMessages":[],"fullName":"NavigationSwitcher NavigationSwitcher should not crash if the user enters the \"\\\" (backslash) character","invocations":1,"location":null,"numPassingAsserts":2,"retryReasons":[],"status":"passed","title":"NavigationSwitcher should not crash if the user enters the \"\\\" (backslash) character"},{"ancestorTitles":["NavigationSwitcher"],"duration":6,"failureDetails":[],"failureMessages":[],"fullName":"NavigationSwitcher renders the context switcher for nothing selected","invocations":1,"location":null,"numPassingAsserts":1,"retryReasons":[],"status":"passed","title":"renders the context switcher for nothing selected"},{"ancestorTitles":["NavigationSwitcher"],"duration":5,"failureDetails":[],"failureMessages":[],"fullName":"NavigationSwitcher renders the context switcher for component selected","invocations":1,"location":null,"numPassingAsserts":1,"retryReasons":[],"status":"passed","title":"renders the context switcher for component selected"},{"ancestorTitles":["NavigationSwitcher"],"duration":5,"failureDetails":[],"failureMessages":[],"fullName":"NavigationSwitcher renders the context switcher for sub organization selected","invocations":1,"location":null,"numPassingAsserts":1,"retryReasons":[],"status":"passed","title":"renders the context switcher for sub organization selected"},{"ancestorTitles":["NavigationSwitcher"],"duration":61,"failureDetails":[],"failureMessages":[],"fullName":"NavigationSwitcher opens the drawer, and clicks on an item to switch to org context","invocations":1,"location":null,"numPassingAsserts":2,"retryReasons":[],"status":"passed","title":"opens the drawer, and clicks on an item to switch to org context"},{"ancestorTitles":["NavigationSwitcher"],"duration":60,"failureDetails":[],"failureMessages":[],"fullName":"NavigationSwitcher opens the drawer, and clicks on an item to switch to component context","invocations":1,"location":null,"numPassingAsserts":2,"retryReasons":[],"status":"passed","title":"opens the drawer, and clicks on an item to switch to component context"}],"endTime":1726662485138,"message":"","name":"/Users/arajadurai/go/src/github.com/cloudbees/nextgen-ui/apps/nextgen-ui/src/components/Layout/NavigationSwitcher/index.spec.tsx","startTime":1726662482521,"status":"passed","summary":""},{"assertionResults":[{"ancestorTitles":["UserOrgsBar"],"duration":7,"failureDetails":[],"failureMessages":[],"fullName":"UserOrgsBar should contain a CTA","invocations":1,"location":null,"numPassingAsserts":1,"retryReasons":[],"status":"passed","title":"should contain a CTA"},{"ancestorTitles":["UserOrgsBar"],"duration":50,"failureDetails":[],"failureMessages":[],"fullName":"UserOrgsBar should have all listed elements in dropdown menu","invocations":1,"location":null,"numPassingAsserts":3,"retryReasons":[],"status":"passed","title":"should have all listed elements in dropdown menu"},{"ancestorTitles":["UserOrgsBar"],"duration":6,"failureDetails":[],"failureMessages":[],"fullName":"UserOrgsBar should match snapshots","invocations":1,"location":null,"numPassingAsserts":1,"retryReasons":[],"status":"passed","title":"should match snapshots"}],"endTime":1726662486034,"message":"","name":"/Users/arajadurai/go/src/github.com/cloudbees/nextgen-ui/apps/nextgen-ui/src/components/UserOrgsBar/UserOrgsBar.spec.tsx","startTime":1726662485160,"status":"passed","summary":""},{"assertionResults":[{"ancestorTitles":["Navigation"],"duration":37,"failureDetails":[],"failureMessages":[],"fullName":"Navigation should render entire navigation given routes","invocations":1,"location":null,"numPassingAsserts":2,"retryReasons":[],"status":"passed","title":"should render entire navigation given routes"}],"endTime":1726662489503,"message":"","name":"/Users/arajadurai/go/src/github.com/cloudbees/nextgen-ui/apps/nextgen-ui/src/components/Layout/Navigation.spec.tsx","startTime":1726662486047,"status":"passed","summary":""},{"assertionResults":[{"ancestorTitles":["NavigationLinks"],"duration":28,"failureDetails":[],"failureMessages":[],"fullName":"NavigationLinks should render tree of routes","invocations":1,"location":null,"numPassingAsserts":3,"retryReasons":[],"status":"passed","title":"should render tree of routes"},{"ancestorTitles":["NavigationLinks"],"duration":2,"failureDetails":[],"failureMessages":[],"fullName":"NavigationLinks should hide link when param is 
[...]
"20":5,"21":5,"22":5,"23":5,"24":5,"25":5,"26":5,"27":1,"28":1,"29":5,"30":5,"31":0,"32":0,"33":5,"34":5,"35":5,"36":5,"37":5,"38":5,"39":5,"40":5,"41":5,"42":5,"43":5,"44":5,"45":5,"46":5,"47":5,"48":5,"49":5,"50":5,"51":5,"52":5,"53":5,"54":5,"55":5,"56":5,"57":0,"58":0,"59":5,"60":5,"61":5,"62":5,"63":5,"64":5,"65":5,"66":5,"67":5,"68":5,"69":5,"70":5,"71":5,"72":5,"73":5,"74":5,"75":5,"76":5,"77":5,"78":5,"79":5,"80":5,"81":5,"82":5,"83":5,"84":5,"85":5,"86":5,"87":5,"88":5,"89":5,"90":5},"branchMap":{"0":{"type":"branch","line":19,"loc":{"start":{"line":19,"column":35},"end":{"line":91,"column":1}},"locations":[{"start":{"line":19,"column":35},"end":{"line":91,"column":1}}]},"1":{"type":"branch","line":36,"loc":{"start":{"line":36,"column":40},"end":{"line":36,"column":55}},"locations":[{"start":{"line":36,"column":40},"end":{"line":36,"column":55}}]},"2":{"type":"branch","line":36,"loc":{"start":{"line":36,"column":55},"end":{"line":36,"column":81}},"locations":[{"start":{"line":36,"column":55},"end":{"line":36,"column":81}}]},"3":{"type":"branch","line":36,"loc":{"start":{"line":36,"column":58},"end":{"line":36,"column":81}},"locations":[{"start":{"line":36,"column":58},"end":{"line":36,"column":81}}]},"4":{"type":"branch","line":40,"loc":{"start":{"line":40,"column":25},"end":{"line":40,"column":33}},"locations":[{"start":{"line":40,"column":25},"end":{"line":40,"column":33}}]},"5":{"type":"branch","line":40,"loc":{"start":{"line":40,"column":25},"end":{"line":40,"column":33}},"locations":[{"start":{"line":40,"column":25},"end":{"line":40,"column":33}}]},"6":{"type":"branch","line":40,"loc":{"start":{"line":40,"column":25},"end":{"line":40,"column":35}},"locations":[{"start":{"line":40,"column":25},"end":{"line":40,"column":35}}]},"7":{"type":"branch","line":40,"loc":{"start":{"line":40,"column":40},"end":{"line":40,"column":54}},"locations":[{"start":{"line":40,"column":40},"end":{"line":40,"column":54}}]},"8":{"type":"branch","line":40,"loc":{"start":{"line":40,"column":40},"end":{"line":40,"column":54}},"locations":[{"start":{"line":40,"column":40},"end":{"line":40,"column":54}}]},"9":{"type":"branch","line":40,"loc":{"start":{"line":40,"column":40},"end":{"line":40,"column":56}},"locations":[{"start":{"line":40,"column":40},"end":{"line":40,"column":56}}]},"10":{"type":"branch","line":55,"loc":{"start":{"line":55,"column":18},"end":{"line":55,"column":47}},"locations":[{"start":{"line":55,"column":18},"end":{"line":55,"column":47}}]},"11":{"type":"branch","line":55,"loc":{"start":{"line":55,"column":35},"end":{"line":55,"column":57}},"locations":[{"start":{"line":55,"column":35},"end":{"line":55,"column":57}}]},"12":{"type":"branch","line":73,"loc":{"start":{"line":73,"column":16},"end":{"line":73,"column":24}},"locations":[{"start":{"line":73,"column":16},"end":{"line":73,"column":24}}]},"13":{"type":"branch","line":73,"loc":{"start":{"line":73,"column":16},"end":{"line":73,"column":24}},"locations":[{"start":{"line":73,"column":16},"end":{"line":73,"column":24}}]},"14":{"type":"branch","line":73,"loc":{"start":{"line":73,"column":16},"end":{"line":73,"column":86}},"locations":[{"start":{"line":73,"column":16},"end":{"line":73,"column":86}}]},"15":{"type":"branch","line":27,"loc":{"start":{"line":27,"column":22},"end":{"line":29,"column":3}},"locations":[{"start":{"line":27,"column":22},"end":{"line":29,"column":3}}]},"16":{"type":"branch","line":73,"loc":{"start":{"line":73,"column":29},"end":{"line":73,"column":24}},"locations":[{"start":{"line":73,"column":29},"end":{"line":73,"column":24}}]}},"b":{"0":[5],"1":[0],"2":[4],"3":[0],"4":[4],"5":[0],"6":[4],"7":[4],"8":[0],"9":[4],"10":[0],"11":[4],"12":[4],"13":[4],"14":[0],"15":[1],"16":[20]},"fnMap":{"0":{"name":"OriginalOrgSwitcher","decl":{"start":{"line":19,"column":35},"end":{"line":91,"column":1}},"loc":{"start":{"line":19,"column":35},"end":{"line":91,"column":1}},"line":19},"1":{"name":"handleClick","decl":{"start":{"line":27,"column":22},"end":{"line":29,"column":3}},"loc":{"start":{"line":27,"column":22},"end":{"line":29,"column":3}},"line":27},"2":{"name":"handleClose","decl":{"start":{"line":31,"column":22},"end":{"line":33,"column":3}},"loc":{"start":{"line":31,"column":22},"end":{"line":33,"column":3}},"line":31},"3":{"name":"onClick","decl":{"start":{"line":57,"column":17},"end":{"line":59,"column":10}},"loc":{"start":{"line":57,"column":17},"end":{"line":59,"column":10}},"line":57}},"f":{"0":5,"1":1,"2":0,"3":0}},"/Users/arajadurai/go/src/github.com/cloudbees/nextgen-ui/apps/nextgen-ui/src/components/UserOrgsBar/UserOrgsBar.tsx":{"path":"/Users/arajadurai/go/src/github.com/cloudbees/nextgen-ui/apps/nextgen-ui/src/components/UserOrgsBar/UserOrgsBar.tsx","all":false,"statementMap":{"0":{"start":{"line":1,"column":0},"end":{"line":1,"column":49}},"1":{"start":{"line":2,"column":0},"end":{"line":2,"column":46}},"2":{"start":{"line":3,"column":0},"end":{"line":3,"column":45}},"3":{"start":{"line":4,"column":0},"end":{"line":4,"column":65}},"4":{"start":{"line":5,"column":0},"end":{"line":5,"column":35}},"5":{"start":{"line":6,"column":0},"end":{"line":6,"column":41}},"6":{"start":{"line":7,"column":0},"end":{"line":7,"column":43}},"7":{"start":{"line":8,"column":0},"end":{"line":8,"column":53}},"8":{"start":{"line":9,"column":0},"end":{"line":9,"column":53}},"9":{"start":{"line":10,"column":0},"end":{"line":10,"column":55}},"10":{"start":{"line":11,"column":0},"end":{"line":11,"column":37}},"11":{"start":{"line":12,"column":0},"end":{"line":12,"column":45}},"12":{"start":{"line":13,"column":0},"end":{"line":13,"column":49}},"13":{"start":{"line":14,"column":0},"end":{"line":14,"column":0}},"14":{"start":{"line":15,"column":0},"end":{"line":15,"column":66}},"15":{"start":{"line":16,"column":0},"end":{"line":16,"column":65}},"16":{"start":{"line":17,"column":0},"end":{"line":17,"column":70}},"17":{"start":{"line":18,"column":0},"end":{"line":18,"column":76}},"18":{"start":{"line":19,"column":0},"end":{"line":19,"column":0}},"19":{"start":{"line":20,"column":0},"end":{"line":20,"column":34}},"20":{"start":{"line":21,"column":0},"end":{"line":21,"column":46}},"21":{"start":{"line":22,"column":0},"end":{"line":22,"column":26}},"22":{"start":{"line":23,"column":0},"end":{"line":23,"column":4}},"23":{"start":{"line":24,"column":0},"end":{"line":24,"column":0}},"24":{"start":{"line":25,"column":0},"end":{"line":25,"column":32}},"25":{"start":{"line":26,"column":0},"end":{"line":26,"column":68}},"26":{"start":{"line":27,"column":0},"end":{"line":27,"column":32}},"27":{"start":{"line":28,"column":0},"end":{"line":28,"column":76}},"28":{"start":{"line":29,"column":0},"end":{"line":29,"column":0}},"29":{"start":{"line":30,"column":0},"end":{"line":30,"column":59}},"30":{"start":{"line":31,"column":0},"end":{"line":31,"column":36}},"31":{"start":{"line":32,"column":0},"end":{"line":32,"column":3}},"32":{"start":{"line":33,"column":0},"end":{"line":33,"column":0}},"33":{"start":{"line":34,"column":0},"end":{"line":34,"column":59}},"34":{"start":{"line":35,"column":0},"end":{"line":35,"column":21}},"35":{"start":{"line":36,"column":0},"end":{"line":36,"column":57}},"36":{"start":{"line":37,"column":0},"end":{"line":37,"column":15}},"37":{"start":{"line":38,"column":0},"end":{"line":38,"column":20}},"38":{"start":{"line":39,"column":0},"end":{"line":39,"column":5}},"39":{"start":{"line":40,"column":0},"end":{"line":40,"column":3}},"40":{"start":{"line":41,"column":0},"end":{"line":41,"column":0}},"41":{"start":{"line":42,"column":0},"end":{"line":42,"column":59}},"42":{"start":{"line":43,"column":0},"end":{"line":43,"column":62}},"43":{"start":{"line":44,"column":0},"end":{"line":44,"column":52}},"44":{"start":{"line":45,"column":0},"end":{"line":45,"column":3}},"45":{"start":{"line":46,"column":0},"end":{"line":46,"column":0}},"46":{"start":{"line":47,"column":0},"end":{"line":47,"column":58}},"47":{"start":{"line":48,"column":0},"end":{"line":48,"column":28}},"48":{"start":{"line":49,"column":0},"end":{"line":49,"column":3}},"49":{"start":{"line":50,"column":0},"end":{"line":50,"column":0}},"50":{"start":{"line":51,"column":0},"end":{"line":51,"column":10}},"51":{"start":{"line":52,"column":0},"end":{"line":52,"column":9}},"52":{"start":{"line":53,"column":0},"end":{"line":53,"column":13}},"53":{"start":{"line":54,"column":0},"end":{"line":54,"column":29}},"54":{"start":{"line":55,"column":0},"end":{"line":55,"column":35}},"55":{"start":{"line":56,"column":0},"end":{"line":56,"column":13}},"56":{"start":{"line":57,"column":0},"end":{"line":57,"column":26}},"57":{"start":{"line":58,"column":0},"end":{"line":58,"column":31}},"58":{"start":{"line":59,"column":0},"end":{"line":59,"column":17}},"59":{"start":{"line":60,"column":0},"end":{"line":60,"column":25}},"60":{"start":{"line":61,"column":0},"end":{"line":61,"column":26}},"61":{"start":{"line":62,"column":0},"end":{"line":62,"column":27}},"62":{"start":{"line":63,"column":0},"end":{"line":63,"column":10}},"63":{"start":{"line":64,"column":0},"end":{"line":64,"column":7}},"64":{"start":{"line":65,"column":0},"end":{"line":65,"column":43}},"65":{"start":{"line":66,"column":0},"end":{"line":66,"column":26}},"66":{"start":{"line":67,"column":0},"end":{"line":67,"column":21}},"67":{"start":{"line":68,"column":0},"end":{"line":68,"column":29}},"68":{"start":{"line":69,"column":0},"end":{"line":69,"column":15}},"69":{"start":{"line":70,"column":0},"end":{"line":70,"column":90}},"70":{"start":{"line":71,"column":0},"end":{"line":71,"column":58}},"71":{"start":{"line":72,"column":0},"end":{"line":72,"column":76}},"72":{"start":{"line":73,"column":0},"end":{"line":73,"column":19}},"73":{"start":{"line":74,"column":0},"end":{"line":74,"column":66}},"74":{"start":{"line":75,"column":0},"end":{"line":75,"column":73}},"75":{"start":{"line":76,"column":0},"end":{"line":76,"column":18}},"76":{"start":{"line":77,"column":0},"end":{"line":77,"column":21}},"77":{"start":{"line":78,"column":0},"end":{"line":78,"column":26}},"78":{"start":{"line":79,"column":0},"end":{"line":79,"column":30}},"79":{"start":{"line":80,"column":0},"end":{"line":80,"column":43}},"80":{"start":{"line":81,"column":0},"end":{"line":81,"column":61}},"81":{"start":{"line":82,"column":0},"end":{"line":82,"column":36}},"82":{"start":{"line":83,"column":0},"end":{"line":83,"column":13}},"83":{"start":{"line":84,"column":0},"end":{"line":84,"column":53}},"84":{"start":{"line":85,"column":0},"end":{"line":85,"column":44}},"85":{"start":{"line":86,"column":0},"end":{"line":86,"column":30}},"86":{"start":{"line":87,"column":0},"end":{"line":87,"column":27}},"87":{"start":{"line":88,"column":0},"end":{"line":88,"column":31}},"88":{"start":{"line":89,"column":0},"end":{"line":89,"column":16}},"89":{"start":{"line":90,"column":0},"end":{"line":90,"column":23}},"90":{"start":{"line":91,"column":0},"end":{"line":91,"column":11}},"91":{"start":{"line":92,"column":0},"end":{"line":92,"column":11}},"92":{"start":{"line":93,"column":0},"end":{"line":93,"column":19}},"93":{"start":{"line":94,"column":0},"end":{"line":94,"column":74}},"94":{"start":{"line":95,"column":0},"end":{"line":95,"column":39}},"95":{"start":{"line":96,"column":0},"end":{"line":96,"column":19}},"96":{"start":{"line":97,"column":0},"end":{"line":97,"column":13}},"97":{"start":{"line":98,"column":0},"end":{"line":98,"column":10}},"98":{"start":{"line":99,"column":0},"end":{"line":99,"column":3}},"99":{"start":{"line":100,"column":0},"end":{"line":100,"column":1}}},"s":{"0":1,"1":1,"2":1,"3":1,"4":1,"5":1,"6":1,"7":1,"8":1,"9":1,"10":1,"11":1,"12":1,"13":1,"14":1,"15":1,"16":1,"17":1,"18":1,"19":1,"20":5,"21":5,"22":5,"23":5,"24":5,"25":5,"26":5,"27":5,"28":5,"29":5,"30":1,"31":1,"32":5,"33":5,"34":0,"35":0,"36":0,"37":0,"38":0,"39":0,"40":5,"41":5,"42":20,"43":20,"44":20,"45":5,"46":5,"47":0,"48":0,"49":5,"50":5,"51":5,"52":5,"53":5,"54":5,"55":5,"56":5,"57":5,"58":5,"59":5,"60":5,"61":5,"62":5,"63":5,"64":5,"65":5,"66":5,"67":5,"68":5,"69":5,"70":5,"71":5,"72":5,"73":5,"74":5,"75":20,"76":20,"77":20,"78":20,"79":20,"80":20,"81":20,"82":20,"83":20,"84":20,"85":20,"86":20,"87":20,"88":20,"89":20,"90":20,"91":20,"92":5,"93":5,"94":5,"95":5,"96":5,"97":5,"98":5,"99":5},"branchMap":{"0":{"type":"branch","line":20,"loc":{"start":{"line":20,"column":27},"end":{"line":100,"column":1}},"locations":[{"start":{"line":20,"column":27},"end":{"line":100,"column":1}}]},"1":{"type":"branch","line":75,"loc":{"start":{"line":75,"column":9},"end":{"line":75,"column":19}},"locations":[{"start":{"line":75,"column":9},"end":{"line":75,"column":19}}]},"2":{"type":"branch","line":75,"loc":{"start":{"line":75,"column":9},"end":{"line":75,"column":19}},"locations":[{"start":{"line":75,"column":9},"end":{"line":75,"column":19}}]},"3":{"type":"branch","line":75,"loc":{"start":{"line":75,"column":9},"end":{"line":92,"column":11}},"locations":[{"start":{"line":75,"column":9},"end":{"line":92,"column":11}}]},"4":{"type":"branch","line":30,"loc":{"start":{"line":30,"column":22},"end":{"line":32,"column":3}},"locations":[{"start":{"line":30,"column":22},"end":{"line":32,"column":3}}]},"5":{"type":"branch","line":42,"loc":{"start":{"line":42,"column":23},"end":{"line":45,"column":3}},"locations":[{"start":{"line":42,"column":23},"end":{"line":45,"column":3}}]},"6":{"type":"branch","line":75,"loc":{"start":{"line":75,"column":48},"end":{"line":92,"column":11}},"locations":[{"start":{"line":75,"column":48},"end":{"line":92,"column":11}}]}},"b":{"0":[5],"1":[4],"2":[0],"3":[4],"4":[1],"5":[20],"6":[20]},"fnMap":{"0":{"name":"UserOrgsBar","decl":{"start":{"line":20,"column":27},"end":{"line":100,"column":1}},"loc":{"start":{"line":20,"column":27},"end":{"line":100,"column":1}},"line":20},"1":{"name":"handleClick","decl":{"start":{"line":30,"column":22},"end":{"line":32,"column":3}},"loc":{"start":{"line":30,"column":22},"end":{"line":32,"column":3}},"line":30},"2":{"name":"handleClose","decl":{"start":{"line":34,"column":22},"end":{"line":40,"column":3}},"loc":{"start":{"line":34,"column":22},"end":{"line":40,"column":3}},"line":34},"3":{"name":"createOrgUrl","decl":{"start":{"line":42,"column":23},"end":{"line":45,"column":3}},"loc":{"start":{"line":42,"column":23},"end":{"line":45,"column":3}},"line":42},"4":{"name":"handleMenuItemClick","decl":{"start":{"line":47,"column":30},"end":{"line":49,"column":3}},"loc":{"start":{"line":47,"column":30},"end":{"line":49,"column":3}},"line":47}},"f":{"0":5,"1":1,"2":0,"3":20,"4":0}},"/Users/arajadurai/go/src/github.com/cloudbees/nextgen-ui/apps/nextgen-ui/src/main.tsx":{"path":"/Users/arajadurai/go/src/github.com/cloudbees/nextgen-ui/apps/nextgen-ui/src/main.tsx","all":true,"statementMap":{"0":{"start":{"line":1,"column":0},"end":{"line":1,"column":67}},"1":{"start":{"line":2,"column":0},"end":{"line":2,"column":39}},"2":{"start":{"line":3,"column":0},"end":{"line":3,"column":46}},"3":{"start":{"line":4,"column":0},"end":{"line":4,"column":71}},"4":{"start":{"line":5,"column":0},"end":{"line":5,"column":67}},"5":{"start":{"line":6,"column":0},"end":{"line":6,"column":44}},"6":{"start":{"line":7,"column":0},"end":{"line":7,"column":0}},"7":{"start":{"line":8,"column":0},"end":{"line":8,"column":81}},"8":{"start":{"line":9,"column":0},"end":{"line":9,"column":43}},"9":{"start":{"line":10,"column":0},"end":{"line":10,"column":73}},"10":{"start":{"line":11,"column":0},"end":{"line":11,"column":64}},"11":{"start":{"line":12,"column":0},"end":{"line":12,"column":0}},"12":{"start":{"line":13,"column":0},"end":{"line":13,"column":15}},"13":{"start":{"line":14,"column":0},"end":{"line":14,"column":0}},"14":{"start":{"line":15,"column":0},"end":{"line":15,"column":51}},"15":{"start":{"line":16,"column":0},"end":{"line":16,"column":47}},"16":{"start":{"line":17,"column":0},"end":{"line":17,"column":0}},"17":{"start":{"line":18,"column":0},"end":{"line":18,"column":73}},"18":{"start":{"line":19,"column":0},"end":{"line":19,"column":38}},"19":{"start":{"line":20,"column":0},"end":{"line":20,"column":42}},"20":{"start":{"line":21,"column":0},"end":{"line":21,"column":23}},"21":{"start":{"line":22,"column":0},"end":{"line":22,"column":4}},"22":{"start":{"line":23,"column":0},"end":{"line":23,"column":0}},"23":{"start":{"line":24,"column":0},"end":{"line":24,"column":29}},"24":{"start":{"line":25,"column":0},"end":{"line":25,"column":9}},"25":{"start":{"line":26,"column":0},"end":{"line":26,"column":22}},"26":{"start":{"line":27,"column":0},"end":{"line":27,"column":27}},"27":{"start":{"line":28,"column":0},"end":{"line":28,"column":66}},"28":{"start":{"line":29,"column":0},"end":{"line":29,"column":57}},"29":{"start":{"line":30,"column":0},"end":{"line":30,"column":11}},"30":{"start":{"line":31,"column":0},"end":{"line":31,"column":10}},"31":{"start":{"line":32,"column":0},"end":{"line":32,"column":9}},"32":{"start":{"line":33,"column":0},"end":{"line":33,"column":16}},"33":{"start":{"line":34,"column":0},"end":{"line":34,"column":3}},"34":{"start":{"line":35,"column":0},"end":{"line":35,"column":0}},"35":{"start":{"line":36,"column":0},"end":{"line":36,"column":10}},"36":{"start":{"line":37,"column":0},"end":{"line":37,"column":73}},"37":{"start":{"line":38,"column":0},"end":{"line":38,"column":16}},"38":{"start":{"line":39,"column":0},"end":{"line":39,"column":26}},"39":{"start":{"line":40,"column":0},"end":{"line":40,"column":3}},"40":{"start":{"line":41,"column":0},"end":{"line":41,"column":1}},"41":{"start":{"line":42,"column":0},"end":{"line":42,"column":0}},"42":{"start":{"line":43,"column":0},"end":{"line":43,"column":80}},"43":{"start":{"line":44,"column":0},"end":{"line":44,"column":12}},"44":{"start":{"line":45,"column":0},"end":{"line":45,"column":14}},"45":{"start":{"line":46,"column":0},"end":{"line":46,"column":97}},"46":{"start":{"line":47,"column":0},"end":{"line":47,"column":55}},"47":{"start":{"line":48,"column":0},"end":{"line":48,"column":36}},"48":{"start":{"line":49,"column":0},"end":{"line":49,"column":27}},"49":{"start":{"line":50,"column":0},"end":{"line":50,"column":54}},"50":{"start":{"line":51,"column":0},"end":{"line":51,"column":37}},"51":{"start":{"line":52,"column":0},"end":{"line":52,"column":27}},"52":{"start":{"line":53,"column":0},"end":{"line":53,"column":23}},"53":{"start":{"line":54,"column":0},"end":{"line":54,"column":16}},"54":{"start":{"line":55,"column":0},"end":{"line":55,"column":1}},"55":{"start":{"line":56,"column":0},"end":{"line":56,"column":0}},"56":{"start":{"line":57,"column":0},"end":{"line":57,"column":27}},"57":{"start":{"line":58,"column":0},"end":{"line":58,"column":49}},"58":{"start":{"line":59,"column":0},"end":{"line":59,"column":88}},"59":{"start":{"line":60,"column":0},"end":{"line":60,"column":43}},"60":{"start":{"line":61,"column":0},"end":{"line":61,"column":41}},"61":{"start":{"line":62,"column":0},"end":{"line":62,"column":1}},"62":{"start":{"line":63,"column":0},"end":{"line":63,"column":0}},"63":{"start":{"line":64,"column":0},"end":{"line":64,"column":44}},"64":{"start":{"line":65,"column":0},"end":{"line":65,"column":36}},"65":{"start":{"line":66,"column":0},"end":{"line":66,"column":1}}},"s":{"0":0,"1":0,"2":0,"3":0,"4":0,"5":0,"6":0,"7":0,"8":0,"9":0,"10":0,"11":0,"12":0,"13":0,"14":0,"15":0,"16":0,"17":0,"18":0,"19":0,"20":0,"21":0,"22":0,"23":0,"24":0,"25":0,"26":0,"27":0,"28":0,"29":0,"30":0,"31":0,"32":0,"33":0,"34":0,"35":0,"36":0,"37":0,"38":0,"39":0,"40":0,"41":0,"42":0,"43":0,"44":0,"45":0,"46":0,"47":0,"48":0,"49":0,"50":0,"51":0,"52":0,"53":0,"54":0,"55":0,"56":0,"57":0,"58":0,"59":0,"60":0,"61":0,"62":0,"63":0,"64":0,"65":0},"branchMap":{"0":{"type":"branch","line":1,"loc":{"start":{"line":1,"column":0},"end":{"line":66,"column":1}},"locations":[{"start":{"line":1,"column":0},"end":{"line":66,"column":1}}]}},"b":{"0":[0]},"fnMap":{"0":{"name":"(empty-report)","decl":{"start":{"line":1,"column":0},"end":{"line":66,"column":1}},"loc":{"start":{"line":1,"column":0},"end":{"line":66,"column":1}},"line":1}},"f":{"0":0}}}}
