<?xml version="1.0" encoding="UTF-8"?>
<testng-results total="2" passed="2" failed="0" skipped="0">
  <reporter-output>
  </reporter-output>
  <suite started-at="2024-06-19T16:31:03Z" name="Surefire suite" finished-at="2024-06-19T16:31:10Z" duration-ms="7902">
    <groups>
    </groups>
    <test started-at="2024-06-19T16:31:03Z" name="Surefire test" finished-at="2024-06-19T16:31:10Z" duration-ms="7902">
      <class name="com.example.AppTest">
        <test-method is-config="true" signature="setUp()[pri:0, instance:com.example.AppTest@2c039ac6]" started-at="2024-06-19T22:01:03Z" name="setUp" finished-at="2024-06-19T22:01:04Z" duration-ms="996" status="PASS">
          <reporter-output>
          </reporter-output>
        </test-method> <!-- setUp -->
        <test-method signature="login()[pri:0, instance:com.example.AppTest@2c039ac6]" started-at="2024-06-19T22:01:04Z" name="login" finished-at="2024-06-19T22:01:09Z" duration-ms="5560" status="PASS">
          <reporter-output>
          </reporter-output>
        </test-method> <!-- login -->
        <test-method signature="loginfailure()[pri:0, instance:com.example.AppTest@2c039ac6]" started-at="2024-06-19T22:01:09Z" name="loginfailure" finished-at="2024-06-19T22:01:10Z" duration-ms="1344" status="PASS">
          <reporter-output>
          </reporter-output>
        </test-method> <!-- loginfailure -->
        <test-method is-config="true" signature="tearDown()[pri:0, instance:com.example.AppTest@2c039ac6]" started-at="2024-06-19T22:01:10Z" name="tearDown" finished-at="2024-06-19T22:01:11Z" duration-ms="109" status="PASS">
          <reporter-output>
          </reporter-output>
        </test-method> <!-- tearDown -->
      </class> <!-- com.example.AppTest -->
    </test> <!-- Surefire test -->
  </suite> <!-- Surefire suite -->
</testng-results>
